#
# There is insufficient memory for the Java Runtime Environment to continue.
# Native memory allocation (malloc) failed to allocate 1567120 bytes for Chunk::new
# Possible reasons:
#   The system is out of physical RAM or swap space
#   The process is running with CompressedOops enabled, and the Java Heap may be blocking the growth of the native heap
# Possible solutions:
#   Reduce memory load on the system
#   Increase physical memory or swap space
#   Check if swap backing store is full
#   Decrease Java heap size (-Xmx/-Xms)
#   Decrease number of Java threads
#   Decrease Java thread stack sizes (-Xss)
#   Set larger code cache with -XX:ReservedCodeCacheSize=
#   JVM is running with Unscaled Compressed Oops mode in which the Java heap is
#     placed in the first 4GB address space. The Java Heap base address is the
#     maximum limit for the native heap growth. Please use -XX:HeapBaseMinAddress
#     to set the Java Heap base and to place the Java Heap above 4GB virtual address.
# This output file may be truncated or incomplete.
#
#  Out of Memory Error (arena.cpp:189), pid=11140, tid=9612
#
# JRE version: OpenJDK Runtime Environment Temurin-17.0.7+7 (17.0.7+7) (build 17.0.7+7)
# Java VM: OpenJDK 64-Bit Server VM Temurin-17.0.7+7 (17.0.7+7, mixed mode, sharing, tiered, compressed oops, compressed class ptrs, g1 gc, windows-amd64)
# No core dump will be written. Minidumps are not enabled by default on client versions of Windows
#

---------------  S U M M A R Y ------------

Command Line: --add-opens=java.base/java.util=ALL-UNNAMED --add-opens=java.base/java.lang=ALL-UNNAMED --add-opens=java.base/java.lang.invoke=ALL-UNNAMED --add-opens=java.prefs/java.util.prefs=ALL-UNNAMED --add-opens=java.base/java.nio.charset=ALL-UNNAMED --add-opens=java.base/java.net=ALL-UNNAMED --add-opens=java.base/java.util.concurrent.atomic=ALL-UNNAMED -XX:MaxMetaspaceSize=384m -XX:+HeapDumpOnOutOfMemoryError -Xms256m -Xmx512m -Dfile.encoding=windows-1251 -Duser.country=RU -Duser.language=ru -Duser.variant -javaagent:C:\Users\Artyom\.gradle\wrapper\dists\gradle-8.4-bin\1w5dpkrfk8irigvoxmyhowfim\gradle-8.4\lib\agents\gradle-instrumentation-agent-8.4.jar org.gradle.launcher.daemon.bootstrap.GradleDaemon 8.4

Host: 12th Gen Intel(R) Core(TM) i5-1235U, 12 cores, 7G,  Windows 11 , 64 bit Build 22621 (10.0.22621.1635)
Time: Fri Feb  9 15:24:56 2024 RTZ 2 (s 11 , 64 bit Build 22621 (10.0.22621.1635) elapsed time: 1681.750734 seconds (0d 0h 28m 1s)

---------------  T H R E A D  ---------------

Current thread (0x000000001ddbd400):  JavaThread "C2 CompilerThread0" daemon [_thread_in_native, id=9612, stack(0x0000000022810000,0x0000000022910000)]


Current CompileTask:
C2:1681750 18984   !   4       org.gradle.api.internal.attributes.DefaultImmutableAttributesFactory::doConcatIsolatable (128 bytes)

Stack: [0x0000000022810000,0x0000000022910000]
Native frames: (J=compiled Java code, j=interpreted, Vv=VM code, C=native code)
V  [jvm.dll+0x67754a]
V  [jvm.dll+0x834304]
V  [jvm.dll+0x835aae]
V  [jvm.dll+0x836113]
V  [jvm.dll+0x24696f]
V  [jvm.dll+0xac0ac]
V  [jvm.dll+0xac67c]
V  [jvm.dll+0x364e37]
V  [jvm.dll+0x32f6b1]
V  [jvm.dll+0x32eb5a]
V  [jvm.dll+0x219641]
V  [jvm.dll+0x218a61]
V  [jvm.dll+0x1a4d8d]
V  [jvm.dll+0x2284da]
V  [jvm.dll+0x226615]
V  [jvm.dll+0x7ea90b]
V  [jvm.dll+0x7e4e7a]
V  [jvm.dll+0x676395]
C  [ucrtbase.dll+0x29363]
C  [KERNEL32.DLL+0x126ad]
C  [ntdll.dll+0x5a9f8]


---------------  P R O C E S S  ---------------

Threads class SMR info:
_java_thread_list=0x0000000029ffd260, length=80, elements={
0x0000000002b0c360, 0x000000001dd8b310, 0x000000001dd8eee0, 0x000000001ddb6730,
0x000000001ddb71f0, 0x000000001ddb9cb0, 0x000000001ddbc670, 0x000000001ddbd400,
0x000000001ddcb3c0, 0x000000001ddcd9d0, 0x000000001dd79450, 0x0000000022c9cb40,
0x0000000024816a00, 0x0000000023ee3070, 0x0000000023e3aaa0, 0x0000000023eecce0,
0x0000000023eec340, 0x00000000252ee440, 0x00000000252eb420, 0x00000000252ebdc0,
0x00000000252ecc30, 0x00000000252f1e00, 0x00000000252edf70, 0x00000000252f05f0,
0x00000000252f1460, 0x0000000027cf46a0, 0x0000000027cf41d0, 0x0000000027cf71f0,
0x0000000027cfa210, 0x0000000027cf3830, 0x0000000027cf8ed0, 0x0000000027cf93a0,
0x0000000027cf5eb0, 0x0000000027cf6380, 0x0000000027cf6850, 0x0000000025b3d350,
0x00000000292037b0, 0x0000000029206ca0, 0x0000000023ac0ba0, 0x0000000023abd1e0,
0x0000000023ac2d50, 0x0000000023ac23b0, 0x0000000023ac2880, 0x0000000023ac1540,
0x0000000023ac0200, 0x0000000023ac1a10, 0x0000000023abd6b0, 0x0000000023ac1ee0,
0x0000000023abdb80, 0x0000000023ac3bc0, 0x0000000023abc370, 0x0000000023abc840,
0x0000000023abcd10, 0x0000000023abe050, 0x0000000023abe520, 0x0000000023abe9f0,
0x0000000023abeec0, 0x0000000023abfd30, 0x0000000023abf390, 0x0000000023abf860,
0x0000000023ac06d0, 0x0000000023ac1070, 0x0000000025284280, 0x0000000025285a90,
0x00000000252820d0, 0x0000000025284750, 0x0000000025287c40, 0x00000000252855c0,
0x0000000025281730, 0x00000000252808c0, 0x0000000025281c00, 0x0000000025288110,
0x0000000025286430, 0x00000000252850f0, 0x0000000025283db0, 0x0000000025280d90,
0x0000000025282f40, 0x0000000025281260, 0x0000000025283410, 0x0000000025282a70
}

Java Threads: ( => current thread )
  0x0000000002b0c360 JavaThread "main" [_thread_blocked, id=9784, stack(0x00000000021d0000,0x00000000022d0000)]
  0x000000001dd8b310 JavaThread "Reference Handler" daemon [_thread_blocked, id=13256, stack(0x0000000022100000,0x0000000022200000)]
  0x000000001dd8eee0 JavaThread "Finalizer" daemon [_thread_blocked, id=16784, stack(0x0000000022200000,0x0000000022300000)]
  0x000000001ddb6730 JavaThread "Signal Dispatcher" daemon [_thread_blocked, id=8392, stack(0x0000000022410000,0x0000000022510000)]
  0x000000001ddb71f0 JavaThread "Attach Listener" daemon [_thread_blocked, id=6052, stack(0x0000000022510000,0x0000000022610000)]
  0x000000001ddb9cb0 JavaThread "Service Thread" daemon [_thread_blocked, id=2368, stack(0x0000000022610000,0x0000000022710000)]
  0x000000001ddbc670 JavaThread "Monitor Deflation Thread" daemon [_thread_blocked, id=11416, stack(0x0000000022710000,0x0000000022810000)]
=>0x000000001ddbd400 JavaThread "C2 CompilerThread0" daemon [_thread_in_native, id=9612, stack(0x0000000022810000,0x0000000022910000)]
  0x000000001ddcb3c0 JavaThread "C1 CompilerThread0" daemon [_thread_blocked, id=15988, stack(0x0000000022910000,0x0000000022a10000)]
  0x000000001ddcd9d0 JavaThread "Sweeper thread" daemon [_thread_blocked, id=17156, stack(0x0000000022a10000,0x0000000022b10000)]
  0x000000001dd79450 JavaThread "Common-Cleaner" daemon [_thread_blocked, id=15468, stack(0x0000000022f10000,0x0000000023010000)]
  0x0000000022c9cb40 JavaThread "Notification Thread" daemon [_thread_blocked, id=11168, stack(0x0000000023010000,0x0000000023110000)]
  0x0000000024816a00 JavaThread "Daemon health stats" [_thread_blocked, id=15040, stack(0x0000000025eb0000,0x0000000025fb0000)]
  0x0000000023ee3070 JavaThread "Incoming local TCP Connector on port 56443" [_thread_in_native, id=14284, stack(0x00000000262f0000,0x00000000263f0000)]
  0x0000000023e3aaa0 JavaThread "Daemon periodic checks" [_thread_blocked, id=13276, stack(0x0000000026550000,0x0000000026650000)]
  0x0000000023eecce0 JavaThread "Cache worker for journal cache (C:\Users\Artyom\.gradle\caches\journal-1)" [_thread_blocked, id=12252, stack(0x0000000027100000,0x0000000027200000)]
  0x0000000023eec340 JavaThread "File lock request listener" [_thread_in_native, id=4748, stack(0x0000000026fa0000,0x00000000270a0000)]
  0x00000000252ee440 JavaThread "Cache worker for file hash cache (C:\Users\Artyom\.gradle\caches\8.4\fileHashes)" [_thread_blocked, id=8700, stack(0x0000000026e50000,0x0000000026f50000)]
  0x00000000252eb420 JavaThread "File watcher server" daemon [_thread_in_native, id=10112, stack(0x00000000281d0000,0x00000000282d0000)]
  0x00000000252ebdc0 JavaThread "File watcher consumer" daemon [_thread_blocked, id=15628, stack(0x00000000282d0000,0x00000000283d0000)]
  0x00000000252ecc30 JavaThread "Cache worker for file content cache (C:\Users\Artyom\.gradle\caches\8.4\fileContent)" [_thread_blocked, id=17396, stack(0x0000000028cd0000,0x0000000028dd0000)]
  0x00000000252f1e00 JavaThread "Cache worker for execution history cache (C:\Users\Artyom\.gradle\caches\8.4\executionHistory)" [_thread_blocked, id=7800, stack(0x0000000028ed0000,0x0000000028fd0000)]
  0x00000000252edf70 JavaThread "jar transforms" [_thread_blocked, id=13660, stack(0x0000000028fd0000,0x00000000290d0000)]
  0x00000000252f05f0 JavaThread "jar transforms Thread 2" [_thread_blocked, id=4556, stack(0x00000000290d0000,0x00000000291d0000)]
  0x00000000252f1460 JavaThread "jar transforms Thread 3" [_thread_blocked, id=16504, stack(0x000000002a1a0000,0x000000002a2a0000)]
  0x0000000027cf46a0 JavaThread "jar transforms Thread 4" [_thread_blocked, id=4932, stack(0x000000002b420000,0x000000002b520000)]
  0x0000000027cf41d0 JavaThread "jar transforms Thread 5" [_thread_blocked, id=17276, stack(0x000000002b520000,0x000000002b620000)]
  0x0000000027cf71f0 JavaThread "jar transforms Thread 6" [_thread_blocked, id=8552, stack(0x000000002b620000,0x000000002b720000)]
  0x0000000027cfa210 JavaThread "jar transforms Thread 7" [_thread_blocked, id=9852, stack(0x000000002b720000,0x000000002b820000)]
  0x0000000027cf3830 JavaThread "jar transforms Thread 8" [_thread_blocked, id=17228, stack(0x000000002b820000,0x000000002b920000)]
  0x0000000027cf8ed0 JavaThread "jar transforms Thread 9" [_thread_blocked, id=12724, stack(0x000000002b920000,0x000000002ba20000)]
  0x0000000027cf93a0 JavaThread "jar transforms Thread 10" [_thread_blocked, id=11984, stack(0x000000002ba20000,0x000000002bb20000)]
  0x0000000027cf5eb0 JavaThread "jar transforms Thread 11" [_thread_blocked, id=11952, stack(0x000000002bb20000,0x000000002bc20000)]
  0x0000000027cf6380 JavaThread "jar transforms Thread 12" [_thread_blocked, id=16160, stack(0x000000002bc20000,0x000000002bd20000)]
  0x0000000027cf6850 JavaThread "Memory manager" [_thread_blocked, id=14248, stack(0x000000002afe0000,0x000000002b0e0000)]
  0x0000000025b3d350 JavaThread "Cache worker for Java compile cache (C:\Users\Artyom\.gradle\caches\8.4\javaCompile)" [_thread_blocked, id=7412, stack(0x0000000033690000,0x0000000033790000)]
  0x00000000292037b0 JavaThread "Daemon Thread 4" [_thread_blocked, id=6416, stack(0x00000000006c0000,0x00000000007c0000)]
  0x0000000029206ca0 JavaThread "Daemon worker Thread 4" [_thread_blocked, id=14904, stack(0x0000000026750000,0x0000000026850000)]
  0x0000000023ac0ba0 JavaThread "included builds" [_thread_blocked, id=14848, stack(0x000000002b1e0000,0x000000002b2e0000)]
  0x0000000023abd1e0 JavaThread "Handler for socket connection from /127.0.0.1:56443 to /127.0.0.1:64185" [_thread_in_native, id=16824, stack(0x00000000007c0000,0x00000000008c0000)]
  0x0000000023ac2d50 JavaThread "Cancel handler" [_thread_blocked, id=17060, stack(0x00000000008c0000,0x00000000009c0000)]
  0x0000000023ac23b0 JavaThread "Asynchronous log dispatcher for DefaultDaemonConnection: socket connection from /127.0.0.1:56443 to /127.0.0.1:64185" [_thread_blocked, id=8576, stack(0x0000000026850000,0x0000000026950000)]
  0x0000000023ac2880 JavaThread "Stdin handler" [_thread_blocked, id=13892, stack(0x0000000026950000,0x0000000026a50000)]
  0x0000000023ac1540 JavaThread "Daemon client event forwarder" [_thread_blocked, id=1600, stack(0x0000000026a50000,0x0000000026b50000)]
  0x0000000023ac0200 JavaThread "Cache worker for checksums cache (C:\Code\Java\IdeaProjects\dmdevcourse\.gradle\8.4\checksums)" [_thread_blocked, id=16544, stack(0x0000000026b50000,0x0000000026c50000)]
  0x0000000023ac1a10 JavaThread "Cache worker for file hash cache (C:\Code\Java\IdeaProjects\dmdevcourse\.gradle\8.4\fileHashes)" [_thread_blocked, id=9664, stack(0x0000000026c50000,0x0000000026d50000)]
  0x0000000023abd6b0 JavaThread "Cache worker for cache directory md-supplier (C:\Users\Artyom\.gradle\caches\8.4\md-supplier)" [_thread_blocked, id=16684, stack(0x0000000026d50000,0x0000000026e50000)]
  0x0000000023ac1ee0 JavaThread "Cache worker for cache directory md-rule (C:\Users\Artyom\.gradle\caches\8.4\md-rule)" [_thread_blocked, id=11424, stack(0x00000000289d0000,0x0000000028ad0000)]
  0x0000000023abdb80 JavaThread "Cache worker for dependencies-accessors (C:\Code\Java\IdeaProjects\dmdevcourse\.gradle\8.4\dependencies-accessors)" [_thread_blocked, id=17140, stack(0x0000000028ad0000,0x0000000028bd0000)]
  0x0000000023ac3bc0 JavaThread "Cache worker for Build Output Cleanup Cache (C:\Code\Java\IdeaProjects\dmdevcourse\.gradle\buildOutputCleanup)" [_thread_blocked, id=7772, stack(0x0000000028bd0000,0x0000000028cd0000)]
  0x0000000023abc370 JavaThread "Unconstrained build operations" [_thread_blocked, id=8480, stack(0x0000000028dd0000,0x0000000028ed0000)]
  0x0000000023abc840 JavaThread "Unconstrained build operations Thread 2" [_thread_blocked, id=1948, stack(0x000000002a2a0000,0x000000002a3a0000)]
  0x0000000023abcd10 JavaThread "Unconstrained build operations Thread 3" [_thread_blocked, id=10092, stack(0x000000002a3a0000,0x000000002a4a0000)]
  0x0000000023abe050 JavaThread "Unconstrained build operations Thread 4" [_thread_blocked, id=8376, stack(0x000000002a4a0000,0x000000002a5a0000)]
  0x0000000023abe520 JavaThread "Unconstrained build operations Thread 5" [_thread_blocked, id=11100, stack(0x000000002a5a0000,0x000000002a6a0000)]
  0x0000000023abe9f0 JavaThread "Unconstrained build operations Thread 6" [_thread_blocked, id=5572, stack(0x000000002a6a0000,0x000000002a7a0000)]
  0x0000000023abeec0 JavaThread "Unconstrained build operations Thread 7" [_thread_blocked, id=16540, stack(0x000000002a7a0000,0x000000002a8a0000)]
  0x0000000023abfd30 JavaThread "Unconstrained build operations Thread 8" [_thread_blocked, id=13504, stack(0x000000002a8a0000,0x000000002a9a0000)]
  0x0000000023abf390 JavaThread "Unconstrained build operations Thread 9" [_thread_blocked, id=2180, stack(0x000000002a9a0000,0x000000002aaa0000)]
  0x0000000023abf860 JavaThread "Unconstrained build operations Thread 10" [_thread_blocked, id=14876, stack(0x000000002aaa0000,0x000000002aba0000)]
  0x0000000023ac06d0 JavaThread "Unconstrained build operations Thread 11" [_thread_blocked, id=14068, stack(0x000000002aba0000,0x000000002aca0000)]
  0x0000000023ac1070 JavaThread "included builds" [_thread_blocked, id=5944, stack(0x000000002aca0000,0x000000002ada0000)]
  0x0000000025284280 JavaThread "Execution worker" [_thread_in_Java, id=11644, stack(0x000000002ada0000,0x000000002aea0000)]
  0x0000000025285a90 JavaThread "Execution worker Thread 2" [_thread_blocked, id=15368, stack(0x000000002aea0000,0x000000002afa0000)]
  0x00000000252820d0 JavaThread "Execution worker Thread 3" [_thread_blocked, id=12848, stack(0x000000002b0e0000,0x000000002b1e0000)]
  0x0000000025284750 JavaThread "Execution worker Thread 4" [_thread_blocked, id=9104, stack(0x000000002b2e0000,0x000000002b3e0000)]
  0x0000000025287c40 JavaThread "Execution worker Thread 5" [_thread_blocked, id=13028, stack(0x000000002bd20000,0x000000002be20000)]
  0x00000000252855c0 JavaThread "Execution worker Thread 6" [_thread_blocked, id=15624, stack(0x000000002be20000,0x000000002bf20000)]
  0x0000000025281730 JavaThread "Execution worker Thread 7" [_thread_blocked, id=13032, stack(0x000000002bf20000,0x000000002c020000)]
  0x00000000252808c0 JavaThread "Execution worker Thread 8" [_thread_blocked, id=2092, stack(0x000000002c020000,0x000000002c120000)]
  0x0000000025281c00 JavaThread "Execution worker Thread 9" [_thread_blocked, id=12916, stack(0x000000002c120000,0x000000002c220000)]
  0x0000000025288110 JavaThread "Execution worker Thread 10" [_thread_blocked, id=15652, stack(0x000000002c220000,0x000000002c320000)]
  0x0000000025286430 JavaThread "Execution worker Thread 11" [_thread_blocked, id=8628, stack(0x000000002c320000,0x000000002c420000)]
  0x00000000252850f0 JavaThread "Cache worker for execution history cache (C:\Code\Java\IdeaProjects\dmdevcourse\.gradle\8.4\executionHistory)" [_thread_blocked, id=9688, stack(0x000000002c420000,0x000000002c520000)]
  0x0000000025283db0 JavaThread "Unconstrained build operations Thread 12" [_thread_blocked, id=8300, stack(0x000000002c680000,0x000000002c780000)]
  0x0000000025280d90 JavaThread "Unconstrained build operations Thread 13" [_thread_blocked, id=2468, stack(0x000000002c780000,0x000000002c880000)]
  0x0000000025282f40 JavaThread "Unconstrained build operations Thread 14" [_thread_blocked, id=7428, stack(0x000000002c880000,0x000000002c980000)]
  0x0000000025281260 JavaThread "Unconstrained build operations Thread 15" [_thread_blocked, id=9928, stack(0x000000002c980000,0x000000002ca80000)]
  0x0000000025283410 JavaThread "Unconstrained build operations Thread 16" [_thread_blocked, id=7896, stack(0x000000002ca80000,0x000000002cb80000)]
  0x0000000025282a70 JavaThread "Unconstrained build operations Thread 17" [_thread_blocked, id=12692, stack(0x000000002cb80000,0x000000002cc80000)]

Other Threads:
  0x000000001dd878c0 VMThread "VM Thread" [stack: 0x0000000022000000,0x0000000022100000] [id=13656]
  0x0000000002b598e0 WatcherThread [stack: 0x0000000023110000,0x0000000023210000] [id=8496]
  0x0000000002b3b200 GCTaskThread "GC Thread#0" [stack: 0x000000001ae40000,0x000000001af40000] [id=16344]
  0x0000000023a70b10 GCTaskThread "GC Thread#1" [stack: 0x00000000249e0000,0x0000000024ae0000] [id=11284]
  0x0000000023a70dc0 GCTaskThread "GC Thread#2" [stack: 0x0000000024ae0000,0x0000000024be0000] [id=13960]
  0x0000000023a71070 GCTaskThread "GC Thread#3" [stack: 0x0000000024be0000,0x0000000024ce0000] [id=712]
  0x0000000023a1d0d0 GCTaskThread "GC Thread#4" [stack: 0x0000000024ce0000,0x0000000024de0000] [id=9904]
  0x0000000023a1d380 GCTaskThread "GC Thread#5" [stack: 0x0000000024de0000,0x0000000024ee0000] [id=10024]
  0x0000000023769740 GCTaskThread "GC Thread#6" [stack: 0x00000000283d0000,0x00000000284d0000] [id=12980]
  0x00000000237699f0 GCTaskThread "GC Thread#7" [stack: 0x00000000284d0000,0x00000000285d0000] [id=7636]
  0x0000000023768470 GCTaskThread "GC Thread#8" [stack: 0x00000000285d0000,0x00000000286d0000] [id=13016]
  0x0000000023768720 GCTaskThread "GC Thread#9" [stack: 0x00000000286d0000,0x00000000287d0000] [id=13580]
  0x0000000002b42a50 ConcurrentGCThread "G1 Main Marker" [stack: 0x000000001af40000,0x000000001b040000] [id=16432]
  0x0000000002b44310 ConcurrentGCThread "G1 Conc#0" [stack: 0x000000001b040000,0x000000001b140000] [id=15236]
  0x00000000237689d0 ConcurrentGCThread "G1 Conc#1" [stack: 0x00000000287d0000,0x00000000288d0000] [id=7336]
  0x00000000245e2c20 ConcurrentGCThread "G1 Conc#2" [stack: 0x00000000288d0000,0x00000000289d0000] [id=14008]
  0x0000000002bcec60 ConcurrentGCThread "G1 Refine#0" [stack: 0x000000001ddf0000,0x000000001def0000] [id=3480]
  0x000000002723d0b0 ConcurrentGCThread "G1 Refine#1" [stack: 0x0000000033590000,0x0000000033690000] [id=1132]
  0x000000002723e7b0 ConcurrentGCThread "G1 Refine#2" [stack: 0x0000000033790000,0x0000000033890000] [id=13916]
  0x000000002723ea90 ConcurrentGCThread "G1 Refine#3" [stack: 0x0000000033890000,0x0000000033990000] [id=15836]
  0x000000002723ed70 ConcurrentGCThread "G1 Refine#4" [stack: 0x0000000033990000,0x0000000033a90000] [id=14380]
  0x0000000027904150 ConcurrentGCThread "G1 Refine#5" [stack: 0x0000000035610000,0x0000000035710000] [id=9752]
  0x0000000027903010 ConcurrentGCThread "G1 Refine#6" [stack: 0x0000000035710000,0x0000000035810000] [id=9772]
  0x000000001dc4cb00 ConcurrentGCThread "G1 Service" [stack: 0x000000001def0000,0x000000001dff0000] [id=13996]

Threads with active compile tasks:
C2 CompilerThread0  1681773 18984   !   4       org.gradle.api.internal.attributes.DefaultImmutableAttributesFactory::doConcatIsolatable (128 bytes)

VM state: not at safepoint (normal execution)

VM Mutex/Monitor currently owned by a thread: None

Heap address: 0x00000000e0000000, size: 512 MB, Compressed Oops mode: 32-bit

CDS archive(s) mapped at: [0x0000000800000000-0x0000000800bc0000-0x0000000800bc0000), size 12320768, SharedBaseAddress: 0x0000000800000000, ArchiveRelocationMode: 0.
Compressed class space mapped at: 0x0000000801000000-0x0000000815000000, reserved size: 335544320
Narrow klass base: 0x0000000800000000, Narrow klass shift: 0, Narrow klass range: 0x100000000

GC Precious Log:
 CPUs: 12 total, 12 available
 Memory: 7896M
 Large Page Support: Disabled
 NUMA Support: Disabled
 Compressed Oops: Enabled (32-bit)
 Heap Region Size: 1M
 Heap Min Capacity: 256M
 Heap Initial Capacity: 256M
 Heap Max Capacity: 512M
 Pre-touch: Disabled
 Parallel Workers: 10
 Concurrent Workers: 3
 Concurrent Refinement Workers: 10
 Periodic GC: Disabled

Heap:
 garbage-first heap   total 262144K, used 185932K [0x00000000e0000000, 0x0000000100000000)
  region size 1024K, 106 young (108544K), 2 survivors (2048K)
 Metaspace       used 73872K, committed 78272K, reserved 458752K
  class space    used 9776K, committed 11072K, reserved 327680K

Heap Regions: E=young(eden), S=young(survivor), O=old, HS=humongous(starts), HC=humongous(continues), CS=collection set, F=free, OA=open archive, CA=closed archive, TAMS=top-at-mark-start (previous, next)
|   0|0x00000000e0000000, 0x00000000e0100000, 0x00000000e0100000|100%|HS|  |TAMS 0x00000000e0100000, 0x00000000e0000000| Complete 
|   1|0x00000000e0100000, 0x00000000e0200000, 0x00000000e0200000|100%|HC|  |TAMS 0x00000000e0200000, 0x00000000e0100000| Complete 
|   2|0x00000000e0200000, 0x00000000e0300000, 0x00000000e0300000|100%|HC|  |TAMS 0x00000000e0300000, 0x00000000e0200000| Complete 
|   3|0x00000000e0300000, 0x00000000e0400000, 0x00000000e0400000|100%|HC|  |TAMS 0x00000000e0400000, 0x00000000e0300000| Complete 
|   4|0x00000000e0400000, 0x00000000e0400000, 0x00000000e0500000|  0%| F|  |TAMS 0x00000000e0400000, 0x00000000e0400000| Untracked 
|   5|0x00000000e0500000, 0x00000000e0600000, 0x00000000e0600000|100%| O|  |TAMS 0x00000000e0600000, 0x00000000e0500000| Untracked 
|   6|0x00000000e0600000, 0x00000000e0700000, 0x00000000e0700000|100%| O|  |TAMS 0x00000000e0700000, 0x00000000e0600000| Untracked 
|   7|0x00000000e0700000, 0x00000000e0800000, 0x00000000e0800000|100%| O|  |TAMS 0x00000000e0800000, 0x00000000e0700000| Untracked 
|   8|0x00000000e0800000, 0x00000000e0900000, 0x00000000e0900000|100%| O|  |TAMS 0x00000000e0900000, 0x00000000e0800000| Untracked 
|   9|0x00000000e0900000, 0x00000000e0a00000, 0x00000000e0a00000|100%| O|  |TAMS 0x00000000e0a00000, 0x00000000e0900000| Untracked 
|  10|0x00000000e0a00000, 0x00000000e0b00000, 0x00000000e0b00000|100%| O|  |TAMS 0x00000000e0b00000, 0x00000000e0a00000| Untracked 
|  11|0x00000000e0b00000, 0x00000000e0c00000, 0x00000000e0c00000|100%| O|  |TAMS 0x00000000e0c00000, 0x00000000e0b00000| Untracked 
|  12|0x00000000e0c00000, 0x00000000e0d00000, 0x00000000e0d00000|100%| O|  |TAMS 0x00000000e0d00000, 0x00000000e0c00000| Untracked 
|  13|0x00000000e0d00000, 0x00000000e0e00000, 0x00000000e0e00000|100%| O|  |TAMS 0x00000000e0e00000, 0x00000000e0d00000| Untracked 
|  14|0x00000000e0e00000, 0x00000000e0f00000, 0x00000000e0f00000|100%| O|  |TAMS 0x00000000e0f00000, 0x00000000e0e00000| Untracked 
|  15|0x00000000e0f00000, 0x00000000e1000000, 0x00000000e1000000|100%| O|  |TAMS 0x00000000e1000000, 0x00000000e0f00000| Untracked 
|  16|0x00000000e1000000, 0x00000000e1100000, 0x00000000e1100000|100%| O|  |TAMS 0x00000000e1100000, 0x00000000e1000000| Untracked 
|  17|0x00000000e1100000, 0x00000000e1200000, 0x00000000e1200000|100%| O|  |TAMS 0x00000000e1200000, 0x00000000e1100000| Untracked 
|  18|0x00000000e1200000, 0x00000000e1300000, 0x00000000e1300000|100%| O|  |TAMS 0x00000000e1300000, 0x00000000e1200000| Untracked 
|  19|0x00000000e1300000, 0x00000000e1400000, 0x00000000e1400000|100%| O|  |TAMS 0x00000000e1400000, 0x00000000e1300000| Untracked 
|  20|0x00000000e1400000, 0x00000000e1500000, 0x00000000e1500000|100%| O|  |TAMS 0x00000000e1500000, 0x00000000e1400000| Untracked 
|  21|0x00000000e1500000, 0x00000000e1600000, 0x00000000e1600000|100%| O|  |TAMS 0x00000000e1600000, 0x00000000e1500000| Untracked 
|  22|0x00000000e1600000, 0x00000000e1700000, 0x00000000e1700000|100%| O|  |TAMS 0x00000000e1700000, 0x00000000e1600000| Untracked 
|  23|0x00000000e1700000, 0x00000000e1800000, 0x00000000e1800000|100%| O|  |TAMS 0x00000000e1800000, 0x00000000e1700000| Untracked 
|  24|0x00000000e1800000, 0x00000000e1900000, 0x00000000e1900000|100%| O|  |TAMS 0x00000000e1900000, 0x00000000e1800000| Untracked 
|  25|0x00000000e1900000, 0x00000000e1a00000, 0x00000000e1a00000|100%| O|  |TAMS 0x00000000e1a00000, 0x00000000e1900000| Untracked 
|  26|0x00000000e1a00000, 0x00000000e1b00000, 0x00000000e1b00000|100%| O|  |TAMS 0x00000000e1b00000, 0x00000000e1a00000| Untracked 
|  27|0x00000000e1b00000, 0x00000000e1c00000, 0x00000000e1c00000|100%| O|  |TAMS 0x00000000e1c00000, 0x00000000e1b00000| Untracked 
|  28|0x00000000e1c00000, 0x00000000e1d00000, 0x00000000e1d00000|100%| O|  |TAMS 0x00000000e1d00000, 0x00000000e1c00000| Untracked 
|  29|0x00000000e1d00000, 0x00000000e1e00000, 0x00000000e1e00000|100%| O|  |TAMS 0x00000000e1e00000, 0x00000000e1d00000| Untracked 
|  30|0x00000000e1e00000, 0x00000000e1f00000, 0x00000000e1f00000|100%| O|  |TAMS 0x00000000e1f00000, 0x00000000e1e00000| Untracked 
|  31|0x00000000e1f00000, 0x00000000e2000000, 0x00000000e2000000|100%| O|  |TAMS 0x00000000e2000000, 0x00000000e1f00000| Untracked 
|  32|0x00000000e2000000, 0x00000000e2100000, 0x00000000e2100000|100%| O|  |TAMS 0x00000000e2100000, 0x00000000e2000000| Untracked 
|  33|0x00000000e2100000, 0x00000000e2200000, 0x00000000e2200000|100%| O|  |TAMS 0x00000000e2200000, 0x00000000e2100000| Untracked 
|  34|0x00000000e2200000, 0x00000000e2300000, 0x00000000e2300000|100%| O|  |TAMS 0x00000000e2300000, 0x00000000e2200000| Untracked 
|  35|0x00000000e2300000, 0x00000000e2400000, 0x00000000e2400000|100%| O|  |TAMS 0x00000000e2400000, 0x00000000e2300000| Untracked 
|  36|0x00000000e2400000, 0x00000000e2400000, 0x00000000e2500000|  0%| F|  |TAMS 0x00000000e2400000, 0x00000000e2400000| Untracked 
|  37|0x00000000e2500000, 0x00000000e2500000, 0x00000000e2600000|  0%| F|  |TAMS 0x00000000e2500000, 0x00000000e2500000| Untracked 
|  38|0x00000000e2600000, 0x00000000e2700000, 0x00000000e2700000|100%| O|  |TAMS 0x00000000e2700000, 0x00000000e2600000| Untracked 
|  39|0x00000000e2700000, 0x00000000e2800000, 0x00000000e2800000|100%| O|  |TAMS 0x00000000e2700000, 0x00000000e2700000| Untracked 
|  40|0x00000000e2800000, 0x00000000e2900000, 0x00000000e2900000|100%| O|  |TAMS 0x00000000e2900000, 0x00000000e2800000| Untracked 
|  41|0x00000000e2900000, 0x00000000e2a00000, 0x00000000e2a00000|100%| O|  |TAMS 0x00000000e2a00000, 0x00000000e2900000| Untracked 
|  42|0x00000000e2a00000, 0x00000000e2b00000, 0x00000000e2b00000|100%| O|  |TAMS 0x00000000e2b00000, 0x00000000e2a00000| Untracked 
|  43|0x00000000e2b00000, 0x00000000e2c00000, 0x00000000e2c00000|100%| O|  |TAMS 0x00000000e2c00000, 0x00000000e2b00000| Untracked 
|  44|0x00000000e2c00000, 0x00000000e2d00000, 0x00000000e2d00000|100%| O|  |TAMS 0x00000000e2d00000, 0x00000000e2c00000| Untracked 
|  45|0x00000000e2d00000, 0x00000000e2e00000, 0x00000000e2e00000|100%| O|  |TAMS 0x00000000e2e00000, 0x00000000e2d00000| Untracked 
|  46|0x00000000e2e00000, 0x00000000e2e00000, 0x00000000e2f00000|  0%| F|  |TAMS 0x00000000e2e00000, 0x00000000e2e00000| Untracked 
|  47|0x00000000e2f00000, 0x00000000e3000000, 0x00000000e3000000|100%| O|  |TAMS 0x00000000e3000000, 0x00000000e2f00000| Untracked 
|  48|0x00000000e3000000, 0x00000000e3100000, 0x00000000e3100000|100%| O|  |TAMS 0x00000000e3000000, 0x00000000e3000000| Untracked 
|  49|0x00000000e3100000, 0x00000000e3100000, 0x00000000e3200000|  0%| F|  |TAMS 0x00000000e3100000, 0x00000000e3100000| Untracked 
|  50|0x00000000e3200000, 0x00000000e3300000, 0x00000000e3300000|100%| O|  |TAMS 0x00000000e3300000, 0x00000000e3200000| Untracked 
|  51|0x00000000e3300000, 0x00000000e3400000, 0x00000000e3400000|100%| O|  |TAMS 0x00000000e3400000, 0x00000000e3300000| Untracked 
|  52|0x00000000e3400000, 0x00000000e3500000, 0x00000000e3500000|100%| O|  |TAMS 0x00000000e3500000, 0x00000000e3400000| Untracked 
|  53|0x00000000e3500000, 0x00000000e3600000, 0x00000000e3600000|100%| O|  |TAMS 0x00000000e3600000, 0x00000000e3500000| Untracked 
|  54|0x00000000e3600000, 0x00000000e3700000, 0x00000000e3700000|100%| O|  |TAMS 0x00000000e3700000, 0x00000000e3600000| Untracked 
|  55|0x00000000e3700000, 0x00000000e3800000, 0x00000000e3800000|100%| O|  |TAMS 0x00000000e3800000, 0x00000000e3700000| Untracked 
|  56|0x00000000e3800000, 0x00000000e3900000, 0x00000000e3900000|100%| O|  |TAMS 0x00000000e3800000, 0x00000000e3800000| Untracked 
|  57|0x00000000e3900000, 0x00000000e3a00000, 0x00000000e3a00000|100%| O|  |TAMS 0x00000000e3900000, 0x00000000e3900000| Untracked 
|  58|0x00000000e3a00000, 0x00000000e3b00000, 0x00000000e3b00000|100%| O|  |TAMS 0x00000000e3a00000, 0x00000000e3a00000| Untracked 
|  59|0x00000000e3b00000, 0x00000000e3c00000, 0x00000000e3c00000|100%| O|  |TAMS 0x00000000e3b00000, 0x00000000e3b00000| Untracked 
|  60|0x00000000e3c00000, 0x00000000e3d00000, 0x00000000e3d00000|100%| O|  |TAMS 0x00000000e3c00000, 0x00000000e3c00000| Untracked 
|  61|0x00000000e3d00000, 0x00000000e3e00000, 0x00000000e3e00000|100%| O|  |TAMS 0x00000000e3d00000, 0x00000000e3d00000| Untracked 
|  62|0x00000000e3e00000, 0x00000000e3f00000, 0x00000000e3f00000|100%| O|  |TAMS 0x00000000e3e00000, 0x00000000e3e00000| Untracked 
|  63|0x00000000e3f00000, 0x00000000e4000000, 0x00000000e4000000|100%| O|  |TAMS 0x00000000e4000000, 0x00000000e3f00000| Untracked 
|  64|0x00000000e4000000, 0x00000000e4100000, 0x00000000e4100000|100%| O|  |TAMS 0x00000000e4000000, 0x00000000e4000000| Untracked 
|  65|0x00000000e4100000, 0x00000000e4200000, 0x00000000e4200000|100%| O|  |TAMS 0x00000000e4100000, 0x00000000e4100000| Untracked 
|  66|0x00000000e4200000, 0x00000000e4300000, 0x00000000e4300000|100%| O|  |TAMS 0x00000000e4300000, 0x00000000e4200000| Untracked 
|  67|0x00000000e4300000, 0x00000000e4400000, 0x00000000e4400000|100%| O|  |TAMS 0x00000000e4300000, 0x00000000e4300000| Untracked 
|  68|0x00000000e4400000, 0x00000000e4500000, 0x00000000e4500000|100%| O|  |TAMS 0x00000000e4400000, 0x00000000e4400000| Untracked 
|  69|0x00000000e4500000, 0x00000000e4600000, 0x00000000e4600000|100%| O|  |TAMS 0x00000000e4500000, 0x00000000e4500000| Untracked 
|  70|0x00000000e4600000, 0x00000000e4654200, 0x00000000e4700000| 32%| O|  |TAMS 0x00000000e4600000, 0x00000000e4600000| Untracked 
|  71|0x00000000e4700000, 0x00000000e4700000, 0x00000000e4800000|  0%| F|  |TAMS 0x00000000e4700000, 0x00000000e4700000| Untracked 
|  72|0x00000000e4800000, 0x00000000e4800000, 0x00000000e4900000|  0%| F|  |TAMS 0x00000000e4800000, 0x00000000e4800000| Untracked 
|  73|0x00000000e4900000, 0x00000000e4900000, 0x00000000e4a00000|  0%| F|  |TAMS 0x00000000e4900000, 0x00000000e4900000| Untracked 
|  74|0x00000000e4a00000, 0x00000000e4a00000, 0x00000000e4b00000|  0%| F|  |TAMS 0x00000000e4a00000, 0x00000000e4a00000| Untracked 
|  75|0x00000000e4b00000, 0x00000000e4b00000, 0x00000000e4c00000|  0%| F|  |TAMS 0x00000000e4b00000, 0x00000000e4b00000| Untracked 
|  76|0x00000000e4c00000, 0x00000000e4c00000, 0x00000000e4d00000|  0%| F|  |TAMS 0x00000000e4c00000, 0x00000000e4c00000| Untracked 
|  77|0x00000000e4d00000, 0x00000000e4d00000, 0x00000000e4e00000|  0%| F|  |TAMS 0x00000000e4d00000, 0x00000000e4d00000| Untracked 
|  78|0x00000000e4e00000, 0x00000000e4e00000, 0x00000000e4f00000|  0%| F|  |TAMS 0x00000000e4e00000, 0x00000000e4e00000| Untracked 
|  79|0x00000000e4f00000, 0x00000000e4f00000, 0x00000000e5000000|  0%| F|  |TAMS 0x00000000e4f00000, 0x00000000e4f00000| Untracked 
|  80|0x00000000e5000000, 0x00000000e5000000, 0x00000000e5100000|  0%| F|  |TAMS 0x00000000e5000000, 0x00000000e5000000| Untracked 
|  81|0x00000000e5100000, 0x00000000e5100000, 0x00000000e5200000|  0%| F|  |TAMS 0x00000000e5100000, 0x00000000e5100000| Untracked 
|  82|0x00000000e5200000, 0x00000000e5200000, 0x00000000e5300000|  0%| F|  |TAMS 0x00000000e5200000, 0x00000000e5200000| Untracked 
|  83|0x00000000e5300000, 0x00000000e5300000, 0x00000000e5400000|  0%| F|  |TAMS 0x00000000e5300000, 0x00000000e5300000| Untracked 
|  84|0x00000000e5400000, 0x00000000e5400000, 0x00000000e5500000|  0%| F|  |TAMS 0x00000000e5400000, 0x00000000e5400000| Untracked 
|  85|0x00000000e5500000, 0x00000000e5500000, 0x00000000e5600000|  0%| F|  |TAMS 0x00000000e5500000, 0x00000000e5500000| Untracked 
|  86|0x00000000e5600000, 0x00000000e5600000, 0x00000000e5700000|  0%| F|  |TAMS 0x00000000e5600000, 0x00000000e5600000| Untracked 
|  87|0x00000000e5700000, 0x00000000e5700000, 0x00000000e5800000|  0%| F|  |TAMS 0x00000000e5700000, 0x00000000e5700000| Untracked 
|  88|0x00000000e5800000, 0x00000000e5800000, 0x00000000e5900000|  0%| F|  |TAMS 0x00000000e5800000, 0x00000000e5800000| Untracked 
|  89|0x00000000e5900000, 0x00000000e5900000, 0x00000000e5a00000|  0%| F|  |TAMS 0x00000000e5900000, 0x00000000e5900000| Untracked 
|  90|0x00000000e5a00000, 0x00000000e5a00000, 0x00000000e5b00000|  0%| F|  |TAMS 0x00000000e5a00000, 0x00000000e5a00000| Untracked 
|  91|0x00000000e5b00000, 0x00000000e5b00000, 0x00000000e5c00000|  0%| F|  |TAMS 0x00000000e5b00000, 0x00000000e5b00000| Untracked 
|  92|0x00000000e5c00000, 0x00000000e5c00000, 0x00000000e5d00000|  0%| F|  |TAMS 0x00000000e5c00000, 0x00000000e5c00000| Untracked 
|  93|0x00000000e5d00000, 0x00000000e5d00000, 0x00000000e5e00000|  0%| F|  |TAMS 0x00000000e5d00000, 0x00000000e5d00000| Untracked 
|  94|0x00000000e5e00000, 0x00000000e5e00000, 0x00000000e5f00000|  0%| F|  |TAMS 0x00000000e5e00000, 0x00000000e5e00000| Untracked 
|  95|0x00000000e5f00000, 0x00000000e5f00000, 0x00000000e6000000|  0%| F|  |TAMS 0x00000000e5f00000, 0x00000000e5f00000| Untracked 
|  96|0x00000000e6000000, 0x00000000e6000000, 0x00000000e6100000|  0%| F|  |TAMS 0x00000000e6000000, 0x00000000e6000000| Untracked 
|  97|0x00000000e6100000, 0x00000000e6100000, 0x00000000e6200000|  0%| F|  |TAMS 0x00000000e6100000, 0x00000000e6100000| Untracked 
|  98|0x00000000e6200000, 0x00000000e6200000, 0x00000000e6300000|  0%| F|  |TAMS 0x00000000e6200000, 0x00000000e6200000| Untracked 
|  99|0x00000000e6300000, 0x00000000e6400000, 0x00000000e6400000|100%| O|  |TAMS 0x00000000e6400000, 0x00000000e6300000| Untracked 
| 100|0x00000000e6400000, 0x00000000e6500000, 0x00000000e6500000|100%| O|  |TAMS 0x00000000e6500000, 0x00000000e6400000| Untracked 
| 101|0x00000000e6500000, 0x00000000e6600000, 0x00000000e6600000|100%| O|  |TAMS 0x00000000e6600000, 0x00000000e6500000| Untracked 
| 102|0x00000000e6600000, 0x00000000e6600000, 0x00000000e6700000|  0%| F|  |TAMS 0x00000000e6600000, 0x00000000e6600000| Untracked 
| 103|0x00000000e6700000, 0x00000000e6700000, 0x00000000e6800000|  0%| F|  |TAMS 0x00000000e6700000, 0x00000000e6700000| Untracked 
| 104|0x00000000e6800000, 0x00000000e6800000, 0x00000000e6900000|  0%| F|  |TAMS 0x00000000e6800000, 0x00000000e6800000| Untracked 
| 105|0x00000000e6900000, 0x00000000e6900000, 0x00000000e6a00000|  0%| F|  |TAMS 0x00000000e6900000, 0x00000000e6900000| Untracked 
| 106|0x00000000e6a00000, 0x00000000e6a00000, 0x00000000e6b00000|  0%| F|  |TAMS 0x00000000e6a00000, 0x00000000e6a00000| Untracked 
| 107|0x00000000e6b00000, 0x00000000e6c00000, 0x00000000e6c00000|100%| O|  |TAMS 0x00000000e6c00000, 0x00000000e6b00000| Untracked 
| 108|0x00000000e6c00000, 0x00000000e6d00000, 0x00000000e6d00000|100%| O|  |TAMS 0x00000000e6d00000, 0x00000000e6c00000| Untracked 
| 109|0x00000000e6d00000, 0x00000000e6d00000, 0x00000000e6e00000|  0%| F|  |TAMS 0x00000000e6d00000, 0x00000000e6d00000| Untracked 
| 110|0x00000000e6e00000, 0x00000000e6e00000, 0x00000000e6f00000|  0%| F|  |TAMS 0x00000000e6e00000, 0x00000000e6e00000| Untracked 
| 111|0x00000000e6f00000, 0x00000000e6f00000, 0x00000000e7000000|  0%| F|  |TAMS 0x00000000e6f00000, 0x00000000e6f00000| Untracked 
| 112|0x00000000e7000000, 0x00000000e7000000, 0x00000000e7100000|  0%| F|  |TAMS 0x00000000e7000000, 0x00000000e7000000| Untracked 
| 113|0x00000000e7100000, 0x00000000e7100000, 0x00000000e7200000|  0%| F|  |TAMS 0x00000000e7100000, 0x00000000e7100000| Untracked 
| 114|0x00000000e7200000, 0x00000000e7200000, 0x00000000e7300000|  0%| F|  |TAMS 0x00000000e7200000, 0x00000000e7200000| Untracked 
| 115|0x00000000e7300000, 0x00000000e7300000, 0x00000000e7400000|  0%| F|  |TAMS 0x00000000e7300000, 0x00000000e7300000| Untracked 
| 116|0x00000000e7400000, 0x00000000e7400000, 0x00000000e7500000|  0%| F|  |TAMS 0x00000000e7400000, 0x00000000e7400000| Untracked 
| 117|0x00000000e7500000, 0x00000000e7500000, 0x00000000e7600000|  0%| F|  |TAMS 0x00000000e7500000, 0x00000000e7500000| Untracked 
| 118|0x00000000e7600000, 0x00000000e7600000, 0x00000000e7700000|  0%| F|  |TAMS 0x00000000e7600000, 0x00000000e7600000| Untracked 
| 119|0x00000000e7700000, 0x00000000e7700000, 0x00000000e7800000|  0%| F|  |TAMS 0x00000000e7700000, 0x00000000e7700000| Untracked 
| 120|0x00000000e7800000, 0x00000000e7800000, 0x00000000e7900000|  0%| F|  |TAMS 0x00000000e7800000, 0x00000000e7800000| Untracked 
| 121|0x00000000e7900000, 0x00000000e7a00000, 0x00000000e7a00000|100%| O|  |TAMS 0x00000000e7a00000, 0x00000000e7900000| Untracked 
| 122|0x00000000e7a00000, 0x00000000e7b00000, 0x00000000e7b00000|100%| O|  |TAMS 0x00000000e7b00000, 0x00000000e7a00000| Untracked 
| 123|0x00000000e7b00000, 0x00000000e7c00000, 0x00000000e7c00000|100%| O|  |TAMS 0x00000000e7c00000, 0x00000000e7b00000| Untracked 
| 124|0x00000000e7c00000, 0x00000000e7c00000, 0x00000000e7d00000|  0%| F|  |TAMS 0x00000000e7c00000, 0x00000000e7c00000| Untracked 
| 125|0x00000000e7d00000, 0x00000000e7d00000, 0x00000000e7e00000|  0%| F|  |TAMS 0x00000000e7d00000, 0x00000000e7d00000| Untracked 
| 126|0x00000000e7e00000, 0x00000000e7e00000, 0x00000000e7f00000|  0%| F|  |TAMS 0x00000000e7e00000, 0x00000000e7e00000| Untracked 
| 127|0x00000000e7f00000, 0x00000000e7f00000, 0x00000000e8000000|  0%| F|  |TAMS 0x00000000e7f00000, 0x00000000e7f00000| Untracked 
| 128|0x00000000e8000000, 0x00000000e8000000, 0x00000000e8100000|  0%| F|  |TAMS 0x00000000e8000000, 0x00000000e8000000| Untracked 
| 129|0x00000000e8100000, 0x00000000e8100000, 0x00000000e8200000|  0%| F|  |TAMS 0x00000000e8100000, 0x00000000e8100000| Untracked 
| 130|0x00000000e8200000, 0x00000000e8200000, 0x00000000e8300000|  0%| F|  |TAMS 0x00000000e8200000, 0x00000000e8200000| Untracked 
| 131|0x00000000e8300000, 0x00000000e8400000, 0x00000000e8400000|100%| O|  |TAMS 0x00000000e8400000, 0x00000000e8300000| Untracked 
| 132|0x00000000e8400000, 0x00000000e8500000, 0x00000000e8500000|100%| O|  |TAMS 0x00000000e8500000, 0x00000000e8400000| Untracked 
| 133|0x00000000e8500000, 0x00000000e8600000, 0x00000000e8600000|100%| O|  |TAMS 0x00000000e8600000, 0x00000000e8500000| Untracked 
| 134|0x00000000e8600000, 0x00000000e8700000, 0x00000000e8700000|100%| O|  |TAMS 0x00000000e8700000, 0x00000000e8600000| Untracked 
| 135|0x00000000e8700000, 0x00000000e8700000, 0x00000000e8800000|  0%| F|  |TAMS 0x00000000e8700000, 0x00000000e8700000| Untracked 
| 136|0x00000000e8800000, 0x00000000e8800000, 0x00000000e8900000|  0%| F|  |TAMS 0x00000000e8800000, 0x00000000e8800000| Untracked 
| 137|0x00000000e8900000, 0x00000000e8900000, 0x00000000e8a00000|  0%| F|  |TAMS 0x00000000e8900000, 0x00000000e8900000| Untracked 
| 138|0x00000000e8a00000, 0x00000000e8a00000, 0x00000000e8b00000|  0%| F|  |TAMS 0x00000000e8a00000, 0x00000000e8a00000| Untracked 
| 139|0x00000000e8b00000, 0x00000000e8b00000, 0x00000000e8c00000|  0%| F|  |TAMS 0x00000000e8b00000, 0x00000000e8b00000| Untracked 
| 140|0x00000000e8c00000, 0x00000000e8c00000, 0x00000000e8d00000|  0%| F|  |TAMS 0x00000000e8c00000, 0x00000000e8c00000| Untracked 
| 141|0x00000000e8d00000, 0x00000000e8d00000, 0x00000000e8e00000|  0%| F|  |TAMS 0x00000000e8d00000, 0x00000000e8d00000| Untracked 
| 142|0x00000000e8e00000, 0x00000000e8e00000, 0x00000000e8f00000|  0%| F|  |TAMS 0x00000000e8e00000, 0x00000000e8e00000| Untracked 
| 143|0x00000000e8f00000, 0x00000000e8f00000, 0x00000000e9000000|  0%| F|  |TAMS 0x00000000e8f00000, 0x00000000e8f00000| Untracked 
| 144|0x00000000e9000000, 0x00000000e9000000, 0x00000000e9100000|  0%| F|  |TAMS 0x00000000e9000000, 0x00000000e9000000| Untracked 
| 145|0x00000000e9100000, 0x00000000e9100000, 0x00000000e9200000|  0%| F|  |TAMS 0x00000000e9100000, 0x00000000e9100000| Untracked 
| 146|0x00000000e9200000, 0x00000000e9200000, 0x00000000e9300000|  0%| F|  |TAMS 0x00000000e9200000, 0x00000000e9200000| Untracked 
| 147|0x00000000e9300000, 0x00000000e9300000, 0x00000000e9400000|  0%| F|  |TAMS 0x00000000e9300000, 0x00000000e9300000| Untracked 
| 148|0x00000000e9400000, 0x00000000e9400000, 0x00000000e9500000|  0%| F|  |TAMS 0x00000000e9400000, 0x00000000e9400000| Untracked 
| 149|0x00000000e9500000, 0x00000000e9526e70, 0x00000000e9600000| 15%| E|  |TAMS 0x00000000e9500000, 0x00000000e9500000| Complete 
| 150|0x00000000e9600000, 0x00000000e9700000, 0x00000000e9700000|100%| E|CS|TAMS 0x00000000e9600000, 0x00000000e9600000| Complete 
| 151|0x00000000e9700000, 0x00000000e9800000, 0x00000000e9800000|100%| E|CS|TAMS 0x00000000e9700000, 0x00000000e9700000| Complete 
| 152|0x00000000e9800000, 0x00000000e9900000, 0x00000000e9900000|100%| E|CS|TAMS 0x00000000e9800000, 0x00000000e9800000| Complete 
| 153|0x00000000e9900000, 0x00000000e9a00000, 0x00000000e9a00000|100%| E|CS|TAMS 0x00000000e9900000, 0x00000000e9900000| Complete 
| 154|0x00000000e9a00000, 0x00000000e9b00000, 0x00000000e9b00000|100%| E|CS|TAMS 0x00000000e9a00000, 0x00000000e9a00000| Complete 
| 155|0x00000000e9b00000, 0x00000000e9c00000, 0x00000000e9c00000|100%| E|CS|TAMS 0x00000000e9b00000, 0x00000000e9b00000| Complete 
| 156|0x00000000e9c00000, 0x00000000e9d00000, 0x00000000e9d00000|100%| E|CS|TAMS 0x00000000e9c00000, 0x00000000e9c00000| Complete 
| 157|0x00000000e9d00000, 0x00000000e9e00000, 0x00000000e9e00000|100%| E|CS|TAMS 0x00000000e9d00000, 0x00000000e9d00000| Complete 
| 158|0x00000000e9e00000, 0x00000000e9f00000, 0x00000000e9f00000|100%| E|CS|TAMS 0x00000000e9e00000, 0x00000000e9e00000| Complete 
| 159|0x00000000e9f00000, 0x00000000ea000000, 0x00000000ea000000|100%| E|CS|TAMS 0x00000000e9f00000, 0x00000000e9f00000| Complete 
| 160|0x00000000ea000000, 0x00000000ea100000, 0x00000000ea100000|100%| E|CS|TAMS 0x00000000ea000000, 0x00000000ea000000| Complete 
| 161|0x00000000ea100000, 0x00000000ea200000, 0x00000000ea200000|100%| E|CS|TAMS 0x00000000ea100000, 0x00000000ea100000| Complete 
| 162|0x00000000ea200000, 0x00000000ea300000, 0x00000000ea300000|100%| E|CS|TAMS 0x00000000ea200000, 0x00000000ea200000| Complete 
| 163|0x00000000ea300000, 0x00000000ea400000, 0x00000000ea400000|100%| E|CS|TAMS 0x00000000ea300000, 0x00000000ea300000| Complete 
| 164|0x00000000ea400000, 0x00000000ea500000, 0x00000000ea500000|100%| E|CS|TAMS 0x00000000ea400000, 0x00000000ea400000| Complete 
| 165|0x00000000ea500000, 0x00000000ea600000, 0x00000000ea600000|100%| E|CS|TAMS 0x00000000ea500000, 0x00000000ea500000| Complete 
| 166|0x00000000ea600000, 0x00000000ea700000, 0x00000000ea700000|100%| E|CS|TAMS 0x00000000ea600000, 0x00000000ea600000| Complete 
| 167|0x00000000ea700000, 0x00000000ea800000, 0x00000000ea800000|100%| E|CS|TAMS 0x00000000ea700000, 0x00000000ea700000| Complete 
| 168|0x00000000ea800000, 0x00000000ea900000, 0x00000000ea900000|100%| E|CS|TAMS 0x00000000ea800000, 0x00000000ea800000| Complete 
| 169|0x00000000ea900000, 0x00000000eaa00000, 0x00000000eaa00000|100%| E|CS|TAMS 0x00000000ea900000, 0x00000000ea900000| Complete 
| 170|0x00000000eaa00000, 0x00000000eab00000, 0x00000000eab00000|100%| E|CS|TAMS 0x00000000eaa00000, 0x00000000eaa00000| Complete 
| 171|0x00000000eab00000, 0x00000000eac00000, 0x00000000eac00000|100%| E|CS|TAMS 0x00000000eab00000, 0x00000000eab00000| Complete 
| 172|0x00000000eac00000, 0x00000000ead00000, 0x00000000ead00000|100%| E|CS|TAMS 0x00000000eac00000, 0x00000000eac00000| Complete 
| 173|0x00000000ead00000, 0x00000000eae00000, 0x00000000eae00000|100%| E|CS|TAMS 0x00000000ead00000, 0x00000000ead00000| Complete 
| 174|0x00000000eae00000, 0x00000000eaf00000, 0x00000000eaf00000|100%| E|CS|TAMS 0x00000000eae00000, 0x00000000eae00000| Complete 
| 175|0x00000000eaf00000, 0x00000000eb000000, 0x00000000eb000000|100%| E|CS|TAMS 0x00000000eaf00000, 0x00000000eaf00000| Complete 
| 176|0x00000000eb000000, 0x00000000eb100000, 0x00000000eb100000|100%| E|CS|TAMS 0x00000000eb000000, 0x00000000eb000000| Complete 
| 177|0x00000000eb100000, 0x00000000eb200000, 0x00000000eb200000|100%| E|CS|TAMS 0x00000000eb100000, 0x00000000eb100000| Complete 
| 178|0x00000000eb200000, 0x00000000eb300000, 0x00000000eb300000|100%| E|CS|TAMS 0x00000000eb200000, 0x00000000eb200000| Complete 
| 179|0x00000000eb300000, 0x00000000eb400000, 0x00000000eb400000|100%| E|CS|TAMS 0x00000000eb300000, 0x00000000eb300000| Complete 
| 180|0x00000000eb400000, 0x00000000eb500000, 0x00000000eb500000|100%| E|CS|TAMS 0x00000000eb400000, 0x00000000eb400000| Complete 
| 181|0x00000000eb500000, 0x00000000eb600000, 0x00000000eb600000|100%| E|CS|TAMS 0x00000000eb500000, 0x00000000eb500000| Complete 
| 182|0x00000000eb600000, 0x00000000eb700000, 0x00000000eb700000|100%| E|CS|TAMS 0x00000000eb600000, 0x00000000eb600000| Complete 
| 183|0x00000000eb700000, 0x00000000eb800000, 0x00000000eb800000|100%| E|CS|TAMS 0x00000000eb700000, 0x00000000eb700000| Complete 
| 184|0x00000000eb800000, 0x00000000eb900000, 0x00000000eb900000|100%| E|CS|TAMS 0x00000000eb800000, 0x00000000eb800000| Complete 
| 185|0x00000000eb900000, 0x00000000eba00000, 0x00000000eba00000|100%| E|CS|TAMS 0x00000000eb900000, 0x00000000eb900000| Complete 
| 186|0x00000000eba00000, 0x00000000ebb00000, 0x00000000ebb00000|100%| E|CS|TAMS 0x00000000eba00000, 0x00000000eba00000| Complete 
| 187|0x00000000ebb00000, 0x00000000ebc00000, 0x00000000ebc00000|100%| E|CS|TAMS 0x00000000ebb00000, 0x00000000ebb00000| Complete 
| 188|0x00000000ebc00000, 0x00000000ebd00000, 0x00000000ebd00000|100%| E|CS|TAMS 0x00000000ebc00000, 0x00000000ebc00000| Complete 
| 189|0x00000000ebd00000, 0x00000000ebe00000, 0x00000000ebe00000|100%| E|CS|TAMS 0x00000000ebd00000, 0x00000000ebd00000| Complete 
| 190|0x00000000ebe00000, 0x00000000ebf00000, 0x00000000ebf00000|100%| E|CS|TAMS 0x00000000ebe00000, 0x00000000ebe00000| Complete 
| 191|0x00000000ebf00000, 0x00000000ec000000, 0x00000000ec000000|100%| E|CS|TAMS 0x00000000ebf00000, 0x00000000ebf00000| Complete 
| 192|0x00000000ec000000, 0x00000000ec100000, 0x00000000ec100000|100%| E|CS|TAMS 0x00000000ec000000, 0x00000000ec000000| Complete 
| 193|0x00000000ec100000, 0x00000000ec200000, 0x00000000ec200000|100%| E|CS|TAMS 0x00000000ec100000, 0x00000000ec100000| Complete 
| 194|0x00000000ec200000, 0x00000000ec300000, 0x00000000ec300000|100%| E|CS|TAMS 0x00000000ec200000, 0x00000000ec200000| Complete 
| 195|0x00000000ec300000, 0x00000000ec400000, 0x00000000ec400000|100%| E|CS|TAMS 0x00000000ec300000, 0x00000000ec300000| Complete 
| 196|0x00000000ec400000, 0x00000000ec500000, 0x00000000ec500000|100%| E|CS|TAMS 0x00000000ec400000, 0x00000000ec400000| Complete 
| 197|0x00000000ec500000, 0x00000000ec600000, 0x00000000ec600000|100%| E|CS|TAMS 0x00000000ec500000, 0x00000000ec500000| Complete 
| 198|0x00000000ec600000, 0x00000000ec700000, 0x00000000ec700000|100%| E|CS|TAMS 0x00000000ec600000, 0x00000000ec600000| Complete 
| 199|0x00000000ec700000, 0x00000000ec800000, 0x00000000ec800000|100%| E|CS|TAMS 0x00000000ec700000, 0x00000000ec700000| Complete 
| 200|0x00000000ec800000, 0x00000000ec900000, 0x00000000ec900000|100%| E|CS|TAMS 0x00000000ec800000, 0x00000000ec800000| Complete 
| 201|0x00000000ec900000, 0x00000000eca00000, 0x00000000eca00000|100%| E|CS|TAMS 0x00000000ec900000, 0x00000000ec900000| Complete 
| 202|0x00000000eca00000, 0x00000000ecb00000, 0x00000000ecb00000|100%| E|CS|TAMS 0x00000000eca00000, 0x00000000eca00000| Complete 
| 203|0x00000000ecb00000, 0x00000000ecc00000, 0x00000000ecc00000|100%| E|CS|TAMS 0x00000000ecb00000, 0x00000000ecb00000| Complete 
| 204|0x00000000ecc00000, 0x00000000ecd00000, 0x00000000ecd00000|100%| E|CS|TAMS 0x00000000ecc00000, 0x00000000ecc00000| Complete 
| 205|0x00000000ecd00000, 0x00000000ece00000, 0x00000000ece00000|100%| E|CS|TAMS 0x00000000ecd00000, 0x00000000ecd00000| Complete 
| 206|0x00000000ece00000, 0x00000000ecf00000, 0x00000000ecf00000|100%| E|CS|TAMS 0x00000000ece00000, 0x00000000ece00000| Complete 
| 207|0x00000000ecf00000, 0x00000000ed000000, 0x00000000ed000000|100%| E|CS|TAMS 0x00000000ecf00000, 0x00000000ecf00000| Complete 
| 208|0x00000000ed000000, 0x00000000ed100000, 0x00000000ed100000|100%| E|CS|TAMS 0x00000000ed000000, 0x00000000ed000000| Complete 
| 209|0x00000000ed100000, 0x00000000ed200000, 0x00000000ed200000|100%| E|CS|TAMS 0x00000000ed100000, 0x00000000ed100000| Complete 
| 210|0x00000000ed200000, 0x00000000ed300000, 0x00000000ed300000|100%| E|CS|TAMS 0x00000000ed200000, 0x00000000ed200000| Complete 
| 211|0x00000000ed300000, 0x00000000ed400000, 0x00000000ed400000|100%| E|CS|TAMS 0x00000000ed300000, 0x00000000ed300000| Complete 
| 212|0x00000000ed400000, 0x00000000ed500000, 0x00000000ed500000|100%| E|CS|TAMS 0x00000000ed400000, 0x00000000ed400000| Complete 
| 213|0x00000000ed500000, 0x00000000ed600000, 0x00000000ed600000|100%| E|CS|TAMS 0x00000000ed500000, 0x00000000ed500000| Complete 
| 214|0x00000000ed600000, 0x00000000ed700000, 0x00000000ed700000|100%| E|CS|TAMS 0x00000000ed600000, 0x00000000ed600000| Complete 
| 215|0x00000000ed700000, 0x00000000ed800000, 0x00000000ed800000|100%| E|CS|TAMS 0x00000000ed700000, 0x00000000ed700000| Complete 
| 216|0x00000000ed800000, 0x00000000ed900000, 0x00000000ed900000|100%| E|CS|TAMS 0x00000000ed800000, 0x00000000ed800000| Complete 
| 217|0x00000000ed900000, 0x00000000eda00000, 0x00000000eda00000|100%| E|CS|TAMS 0x00000000ed900000, 0x00000000ed900000| Complete 
| 218|0x00000000eda00000, 0x00000000edb00000, 0x00000000edb00000|100%| E|CS|TAMS 0x00000000eda00000, 0x00000000eda00000| Complete 
| 219|0x00000000edb00000, 0x00000000edc00000, 0x00000000edc00000|100%| E|CS|TAMS 0x00000000edb00000, 0x00000000edb00000| Complete 
| 220|0x00000000edc00000, 0x00000000edd00000, 0x00000000edd00000|100%| E|CS|TAMS 0x00000000edc00000, 0x00000000edc00000| Complete 
| 221|0x00000000edd00000, 0x00000000ede00000, 0x00000000ede00000|100%| E|CS|TAMS 0x00000000edd00000, 0x00000000edd00000| Complete 
| 222|0x00000000ede00000, 0x00000000edf00000, 0x00000000edf00000|100%| E|CS|TAMS 0x00000000ede00000, 0x00000000ede00000| Complete 
| 223|0x00000000edf00000, 0x00000000ee000000, 0x00000000ee000000|100%| E|CS|TAMS 0x00000000edf00000, 0x00000000edf00000| Complete 
| 224|0x00000000ee000000, 0x00000000ee100000, 0x00000000ee100000|100%| E|CS|TAMS 0x00000000ee000000, 0x00000000ee000000| Complete 
| 225|0x00000000ee100000, 0x00000000ee200000, 0x00000000ee200000|100%| E|CS|TAMS 0x00000000ee100000, 0x00000000ee100000| Complete 
| 226|0x00000000ee200000, 0x00000000ee300000, 0x00000000ee300000|100%| E|CS|TAMS 0x00000000ee200000, 0x00000000ee200000| Complete 
| 227|0x00000000ee300000, 0x00000000ee400000, 0x00000000ee400000|100%| E|CS|TAMS 0x00000000ee300000, 0x00000000ee300000| Complete 
| 228|0x00000000ee400000, 0x00000000ee500000, 0x00000000ee500000|100%| E|CS|TAMS 0x00000000ee400000, 0x00000000ee400000| Complete 
| 229|0x00000000ee500000, 0x00000000ee600000, 0x00000000ee600000|100%| E|CS|TAMS 0x00000000ee500000, 0x00000000ee500000| Complete 
| 230|0x00000000ee600000, 0x00000000ee700000, 0x00000000ee700000|100%| E|CS|TAMS 0x00000000ee600000, 0x00000000ee600000| Complete 
| 231|0x00000000ee700000, 0x00000000ee800000, 0x00000000ee800000|100%| E|CS|TAMS 0x00000000ee700000, 0x00000000ee700000| Complete 
| 232|0x00000000ee800000, 0x00000000ee900000, 0x00000000ee900000|100%| E|CS|TAMS 0x00000000ee800000, 0x00000000ee800000| Complete 
| 233|0x00000000ee900000, 0x00000000eea00000, 0x00000000eea00000|100%| E|CS|TAMS 0x00000000ee900000, 0x00000000ee900000| Complete 
| 234|0x00000000eea00000, 0x00000000eeb00000, 0x00000000eeb00000|100%| E|CS|TAMS 0x00000000eea00000, 0x00000000eea00000| Complete 
| 235|0x00000000eeb00000, 0x00000000eec00000, 0x00000000eec00000|100%| E|CS|TAMS 0x00000000eeb00000, 0x00000000eeb00000| Complete 
| 236|0x00000000eec00000, 0x00000000eed00000, 0x00000000eed00000|100%| E|CS|TAMS 0x00000000eec00000, 0x00000000eec00000| Complete 
| 237|0x00000000eed00000, 0x00000000eee00000, 0x00000000eee00000|100%| E|CS|TAMS 0x00000000eed00000, 0x00000000eed00000| Complete 
| 238|0x00000000eee00000, 0x00000000eef00000, 0x00000000eef00000|100%| E|CS|TAMS 0x00000000eee00000, 0x00000000eee00000| Complete 
| 239|0x00000000eef00000, 0x00000000ef000000, 0x00000000ef000000|100%| E|CS|TAMS 0x00000000eef00000, 0x00000000eef00000| Complete 
| 240|0x00000000ef000000, 0x00000000ef100000, 0x00000000ef100000|100%| E|CS|TAMS 0x00000000ef000000, 0x00000000ef000000| Complete 
| 241|0x00000000ef100000, 0x00000000ef200000, 0x00000000ef200000|100%| E|CS|TAMS 0x00000000ef100000, 0x00000000ef100000| Complete 
| 242|0x00000000ef200000, 0x00000000ef23f118, 0x00000000ef300000| 24%| S|CS|TAMS 0x00000000ef200000, 0x00000000ef200000| Complete 
| 243|0x00000000ef300000, 0x00000000ef400000, 0x00000000ef400000|100%| S|CS|TAMS 0x00000000ef300000, 0x00000000ef300000| Complete 
| 244|0x00000000ef400000, 0x00000000ef500000, 0x00000000ef500000|100%| E|CS|TAMS 0x00000000ef400000, 0x00000000ef400000| Complete 
| 245|0x00000000ef500000, 0x00000000ef600000, 0x00000000ef600000|100%| E|CS|TAMS 0x00000000ef500000, 0x00000000ef500000| Complete 
| 246|0x00000000ef600000, 0x00000000ef700000, 0x00000000ef700000|100%| E|CS|TAMS 0x00000000ef600000, 0x00000000ef600000| Complete 
| 247|0x00000000ef700000, 0x00000000ef800000, 0x00000000ef800000|100%| E|CS|TAMS 0x00000000ef700000, 0x00000000ef700000| Complete 
| 248|0x00000000ef800000, 0x00000000ef900000, 0x00000000ef900000|100%| E|CS|TAMS 0x00000000ef800000, 0x00000000ef800000| Complete 
| 249|0x00000000ef900000, 0x00000000efa00000, 0x00000000efa00000|100%| E|CS|TAMS 0x00000000ef900000, 0x00000000ef900000| Complete 
| 250|0x00000000efa00000, 0x00000000efb00000, 0x00000000efb00000|100%| E|CS|TAMS 0x00000000efa00000, 0x00000000efa00000| Complete 
| 251|0x00000000efb00000, 0x00000000efc00000, 0x00000000efc00000|100%| E|CS|TAMS 0x00000000efb00000, 0x00000000efb00000| Complete 
| 252|0x00000000efc00000, 0x00000000efd00000, 0x00000000efd00000|100%| E|CS|TAMS 0x00000000efc00000, 0x00000000efc00000| Complete 
| 253|0x00000000efd00000, 0x00000000efe00000, 0x00000000efe00000|100%| E|CS|TAMS 0x00000000efd00000, 0x00000000efd00000| Complete 
| 254|0x00000000efe00000, 0x00000000eff00000, 0x00000000eff00000|100%| E|CS|TAMS 0x00000000efe00000, 0x00000000efe00000| Complete 
| 255|0x00000000eff00000, 0x00000000f0000000, 0x00000000f0000000|100%| E|CS|TAMS 0x00000000eff00000, 0x00000000eff00000| Complete 

Card table byte_map: [0x0000000019c40000,0x0000000019d40000] _byte_map_base: 0x0000000019540000

Marking Bits (Prev, Next): (CMBitMap*) 0x0000000002b3b810, (CMBitMap*) 0x0000000002b3b850
 Prev Bits: [0x0000000019e40000, 0x000000001a640000)
 Next Bits: [0x000000001a640000, 0x000000001ae40000)

Polling page: 0x00000000005b0000

Metaspace:

Usage:
  Non-class:     62.59 MB used.
      Class:      9.55 MB used.
       Both:     72.14 MB used.

Virtual space:
  Non-class space:      128.00 MB reserved,      65.62 MB ( 51%) committed,  2 nodes.
      Class space:      320.00 MB reserved,      10.81 MB (  3%) committed,  1 nodes.
             Both:      448.00 MB reserved,      76.44 MB ( 17%) committed. 

Chunk freelists:
   Non-Class:  16.65 MB
       Class:  6.06 MB
        Both:  22.70 MB

MaxMetaspaceSize: 384.00 MB
CompressedClassSpaceSize: 320.00 MB
Initial GC threshold: 21.00 MB
Current GC threshold: 131.88 MB
CDS: on
MetaspaceReclaimPolicy: balanced
 - commit_granule_bytes: 65536.
 - commit_granule_words: 8192.
 - virtual_space_node_default_size: 8388608.
 - enlarge_chunks_in_place: 1.
 - new_chunks_are_fully_committed: 0.
 - uncommit_free_chunks: 1.
 - use_allocation_guard: 0.
 - handle_deallocations: 1.


Internal statistics:

num_allocs_failed_limit: 12.
num_arena_births: 1370.
num_arena_deaths: 606.
num_vsnodes_births: 3.
num_vsnodes_deaths: 0.
num_space_committed: 1284.
num_space_uncommitted: 61.
num_chunks_returned_to_freelist: 1197.
num_chunks_taken_from_freelist: 5106.
num_chunk_merges: 400.
num_chunk_splits: 3106.
num_chunks_enlarged: 1800.
num_inconsistent_stats: 0.

CodeHeap 'non-profiled nmethods': size=120000Kb used=8441Kb max_used=8441Kb free=111559Kb
 bounds [0x00000000120c0000, 0x0000000012900000, 0x00000000195f0000]
CodeHeap 'profiled nmethods': size=120000Kb used=28990Kb max_used=29758Kb free=91010Kb
 bounds [0x000000000a5f0000, 0x000000000c300000, 0x0000000011b20000]
CodeHeap 'non-nmethods': size=5760Kb used=2368Kb max_used=2427Kb free=3391Kb
 bounds [0x0000000011b20000, 0x0000000011d90000, 0x00000000120c0000]
 total_blobs=15915 nmethods=15031 adapters=794
 compilation: enabled
              stopped_count=0, restarted_count=0
 full_count=0

Compilation events (20 events):
Event: 1681.720 Thread 0x000000001ddcb3c0 19038       3       com.google.common.collect.Iterators::emptyIterator (4 bytes)
Event: 1681.720 Thread 0x000000001ddcb3c0 nmethod 19038 0x000000000b99c690 code [0x000000000b99c820, 0x000000000b99c978]
Event: 1681.720 Thread 0x000000001ddcb3c0 19039       3       org.gradle.api.DefaultTask::getProject (5 bytes)
Event: 1681.721 Thread 0x000000001ddcb3c0 nmethod 19039 0x000000000b197790 code [0x000000000b1979c0, 0x000000000b198228]
Event: 1681.722 Thread 0x000000001ddcb3c0 19041       3       org.gradle.internal.resources.DefaultLease::<init> (14 bytes)
Event: 1681.722 Thread 0x000000001ddcb3c0 nmethod 19041 0x000000000befa590 code [0x000000000befa740, 0x000000000befaa78]
Event: 1681.722 Thread 0x000000001ddcb3c0 19042       3       org.gradle.internal.work.DefaultWorkerLeaseService$DefaultWorkerLease::<init> (16 bytes)
Event: 1681.723 Thread 0x000000001ddcb3c0 nmethod 19042 0x000000000bb08910 code [0x000000000bb08ac0, 0x000000000bb08eb8]
Event: 1681.729 Thread 0x000000001ddcb3c0 19044       3       org.gradle.internal.properties.bean.DefaultPropertyWalker$CachedPropertyValue::maybeFinalizeValue (27 bytes)
Event: 1681.729 Thread 0x000000001ddcb3c0 nmethod 19044 0x000000000b447b90 code [0x000000000b447d60, 0x000000000b4481e8]
Event: 1681.729 Thread 0x000000001ddcb3c0 19045       3       org.gradle.internal.properties.bean.DefaultPropertyWalker$CachedPropertyValue::isConfigurable (10 bytes)
Event: 1681.729 Thread 0x000000001ddcb3c0 nmethod 19045 0x000000000bc32010 code [0x000000000bc321c0, 0x000000000bc32308]
Event: 1681.729 Thread 0x000000001ddcb3c0 19046       3       org.gradle.internal.snapshot.impl.DefaultValueSnapshotter::snapshot (9 bytes)
Event: 1681.729 Thread 0x000000001ddcb3c0 nmethod 19046 0x000000000ba1be90 code [0x000000000ba1c040, 0x000000000ba1c228]
Event: 1681.730 Thread 0x000000001ddcb3c0 19047       3       org.gradle.api.internal.file.collections.UnpackingVisitor::<init> (14 bytes)
Event: 1681.730 Thread 0x000000001ddcb3c0 nmethod 19047 0x000000000bc1a290 code [0x000000000bc1a440, 0x000000000bc1a588]
Event: 1681.731 Thread 0x000000001ddcb3c0 19048       3       sun.security.provider.HashDrbg::addBytes (130 bytes)
Event: 1681.732 Thread 0x000000001ddcb3c0 nmethod 19048 0x000000000b011c10 code [0x000000000b011dc0, 0x000000000b012178]
Event: 1681.745 Thread 0x000000001ddcb3c0 19049 %     3       io.spring.gradle.dependencymanagement.org.apache.maven.model.building.DefaultModelBuilder::checkPluginVersions @ 189 (392 bytes)
Event: 1681.747 Thread 0x000000001ddcb3c0 nmethod 19049% 0x000000000ba76410 code [0x000000000ba76a80, 0x000000000ba7a8e8]

GC Heap History (20 events):
Event: 126.114 GC heap before
{Heap before GC invocations=15 (full 0):
 garbage-first heap   total 262144K, used 218493K [0x00000000e0000000, 0x0000000100000000)
  region size 1024K, 120 young (122880K), 8 survivors (8192K)
 Metaspace       used 75641K, committed 76608K, reserved 458752K
  class space    used 10188K, committed 10624K, reserved 327680K
}
Event: 126.124 GC heap after
{Heap after GC invocations=16 (full 0):
 garbage-first heap   total 262144K, used 115668K [0x00000000e0000000, 0x0000000100000000)
  region size 1024K, 15 young (15360K), 15 survivors (15360K)
 Metaspace       used 75641K, committed 76608K, reserved 458752K
  class space    used 10188K, committed 10624K, reserved 327680K
}
Event: 126.761 GC heap before
{Heap before GC invocations=16 (full 0):
 garbage-first heap   total 262144K, used 211924K [0x00000000e0000000, 0x0000000100000000)
  region size 1024K, 109 young (111616K), 15 survivors (15360K)
 Metaspace       used 75990K, committed 76928K, reserved 458752K
  class space    used 10221K, committed 10624K, reserved 327680K
}
Event: 126.774 GC heap after
{Heap after GC invocations=17 (full 0):
 garbage-first heap   total 262144K, used 125538K [0x00000000e0000000, 0x0000000100000000)
  region size 1024K, 10 young (10240K), 10 survivors (10240K)
 Metaspace       used 75990K, committed 76928K, reserved 458752K
  class space    used 10221K, committed 10624K, reserved 327680K
}
Event: 127.296 GC heap before
{Heap before GC invocations=17 (full 0):
 garbage-first heap   total 262144K, used 211554K [0x00000000e0000000, 0x0000000100000000)
  region size 1024K, 94 young (96256K), 10 survivors (10240K)
 Metaspace       used 76787K, committed 77696K, reserved 458752K
  class space    used 10283K, committed 10688K, reserved 327680K
}
Event: 127.302 GC heap after
{Heap after GC invocations=18 (full 0):
 garbage-first heap   total 262144K, used 127948K [0x00000000e0000000, 0x0000000100000000)
  region size 1024K, 5 young (5120K), 5 survivors (5120K)
 Metaspace       used 76787K, committed 77696K, reserved 458752K
  class space    used 10283K, committed 10688K, reserved 327680K
}
Event: 145.016 GC heap before
{Heap before GC invocations=18 (full 0):
 garbage-first heap   total 262144K, used 212940K [0x00000000e0000000, 0x0000000100000000)
  region size 1024K, 89 young (91136K), 5 survivors (5120K)
 Metaspace       used 80972K, committed 82048K, reserved 458752K
  class space    used 10852K, committed 11328K, reserved 327680K
}
Event: 145.024 GC heap after
{Heap after GC invocations=19 (full 0):
 garbage-first heap   total 262144K, used 135465K [0x00000000e0000000, 0x0000000100000000)
  region size 1024K, 12 young (12288K), 12 survivors (12288K)
 Metaspace       used 80972K, committed 82048K, reserved 458752K
  class space    used 10852K, committed 11328K, reserved 327680K
}
Event: 145.464 GC heap before
{Heap before GC invocations=20 (full 0):
 garbage-first heap   total 262144K, used 213289K [0x00000000e0000000, 0x0000000100000000)
  region size 1024K, 89 young (91136K), 12 survivors (12288K)
 Metaspace       used 79211K, committed 81024K, reserved 458752K
  class space    used 10627K, committed 11264K, reserved 327680K
}
Event: 145.473 GC heap after
{Heap after GC invocations=21 (full 0):
 garbage-first heap   total 262144K, used 142429K [0x00000000e0000000, 0x0000000100000000)
  region size 1024K, 9 young (9216K), 9 survivors (9216K)
 Metaspace       used 79211K, committed 81024K, reserved 458752K
  class space    used 10627K, committed 11264K, reserved 327680K
}
Event: 145.485 GC heap before
{Heap before GC invocations=21 (full 0):
 garbage-first heap   total 262144K, used 144477K [0x00000000e0000000, 0x0000000100000000)
  region size 1024K, 12 young (12288K), 9 survivors (9216K)
 Metaspace       used 79216K, committed 81024K, reserved 458752K
  class space    used 10627K, committed 11264K, reserved 327680K
}
Event: 145.489 GC heap after
{Heap after GC invocations=22 (full 0):
 garbage-first heap   total 262144K, used 129356K [0x00000000e0000000, 0x0000000100000000)
  region size 1024K, 2 young (2048K), 2 survivors (2048K)
 Metaspace       used 79216K, committed 81024K, reserved 458752K
  class space    used 10627K, committed 11264K, reserved 327680K
}
Event: 618.868 GC heap before
{Heap before GC invocations=22 (full 0):
 garbage-first heap   total 262144K, used 212300K [0x00000000e0000000, 0x0000000100000000)
  region size 1024K, 84 young (86016K), 2 survivors (2048K)
 Metaspace       used 79362K, committed 81088K, reserved 458752K
  class space    used 10628K, committed 11264K, reserved 327680K
}
Event: 618.873 GC heap after
{Heap after GC invocations=23 (full 0):
 garbage-first heap   total 262144K, used 134878K [0x00000000e0000000, 0x0000000100000000)
  region size 1024K, 7 young (7168K), 7 survivors (7168K)
 Metaspace       used 79362K, committed 81088K, reserved 458752K
  class space    used 10628K, committed 11264K, reserved 327680K
}
Event: 1680.504 GC heap before
{Heap before GC invocations=24 (full 0):
 garbage-first heap   total 262144K, used 211678K [0x00000000e0000000, 0x0000000100000000)
  region size 1024K, 85 young (87040K), 7 survivors (7168K)
 Metaspace       used 73606K, committed 78272K, reserved 458752K
  class space    used 9759K, committed 11072K, reserved 327680K
}
Event: 1680.510 GC heap after
{Heap after GC invocations=25 (full 0):
 garbage-first heap   total 262144K, used 109568K [0x00000000e0000000, 0x0000000100000000)
  region size 1024K, 3 young (3072K), 3 survivors (3072K)
 Metaspace       used 73606K, committed 78272K, reserved 458752K
  class space    used 9759K, committed 11072K, reserved 327680K
}
Event: 1680.643 GC heap before
{Heap before GC invocations=25 (full 0):
 garbage-first heap   total 262144K, used 118784K [0x00000000e0000000, 0x0000000100000000)
  region size 1024K, 12 young (12288K), 3 survivors (3072K)
 Metaspace       used 73679K, committed 78272K, reserved 458752K
  class space    used 9763K, committed 11072K, reserved 327680K
}
Event: 1680.654 GC heap after
{Heap after GC invocations=26 (full 0):
 garbage-first heap   total 262144K, used 88276K [0x00000000e0000000, 0x0000000100000000)
  region size 1024K, 2 young (2048K), 2 survivors (2048K)
 Metaspace       used 73679K, committed 78272K, reserved 458752K
  class space    used 9763K, committed 11072K, reserved 327680K
}
Event: 1680.743 GC heap before
{Heap before GC invocations=26 (full 0):
 garbage-first heap   total 262144K, used 97492K [0x00000000e0000000, 0x0000000100000000)
  region size 1024K, 12 young (12288K), 2 survivors (2048K)
 Metaspace       used 73681K, committed 78272K, reserved 458752K
  class space    used 9764K, committed 11072K, reserved 327680K
}
Event: 1680.753 GC heap after
{Heap after GC invocations=27 (full 0):
 garbage-first heap   total 262144K, used 80460K [0x00000000e0000000, 0x0000000100000000)
  region size 1024K, 2 young (2048K), 2 survivors (2048K)
 Metaspace       used 73681K, committed 78272K, reserved 458752K
  class space    used 9764K, committed 11072K, reserved 327680K
}

Dll operation events (14 events):
Event: 0.013 Loaded shared library C:\Users\Artyom\.jdks\temurin-17.0.7\bin\java.dll
Event: 0.040 Loaded shared library C:\Users\Artyom\.jdks\temurin-17.0.7\bin\jsvml.dll
Event: 0.112 Loaded shared library C:\Users\Artyom\.jdks\temurin-17.0.7\bin\zip.dll
Event: 0.116 Loaded shared library C:\Users\Artyom\.jdks\temurin-17.0.7\bin\instrument.dll
Event: 0.123 Loaded shared library C:\Users\Artyom\.jdks\temurin-17.0.7\bin\net.dll
Event: 0.126 Loaded shared library C:\Users\Artyom\.jdks\temurin-17.0.7\bin\nio.dll
Event: 0.137 Loaded shared library C:\Users\Artyom\.jdks\temurin-17.0.7\bin\zip.dll
Event: 0.326 Loaded shared library C:\Users\Artyom\.jdks\temurin-17.0.7\bin\jimage.dll
Event: 0.484 Loaded shared library C:\Users\Artyom\.jdks\temurin-17.0.7\bin\verify.dll
Event: 0.843 Loaded shared library C:\Users\Artyom\.gradle\native\c067742578af261105cb4f569cf0c3c89f3d7b1fecec35dd04571415982c5e48\windows-amd64\native-platform.dll
Event: 0.853 Loaded shared library C:\Users\Artyom\.gradle\native\38dada09dfb8b06ba9b0570ebf7e218e3eb74d4ef43ca46872605cf95ebc2f47\windows-amd64\native-platform-file-events.dll
Event: 1.680 Loaded shared library C:\Users\Artyom\.jdks\temurin-17.0.7\bin\management.dll
Event: 1.685 Loaded shared library C:\Users\Artyom\.jdks\temurin-17.0.7\bin\management_ext.dll
Event: 2.669 Loaded shared library C:\Users\Artyom\.jdks\temurin-17.0.7\bin\sunmscapi.dll

Deoptimization events (20 events):
Event: 1680.666 Thread 0x0000000023ac23b0 DEOPT PACKING pc=0x000000001289bc78 sp=0x000000002b3d8c90
Event: 1680.666 Thread 0x0000000023ac23b0 DEOPT UNPACKING pc=0x0000000011b769a3 sp=0x000000002b3d8c38 mode 2
Event: 1680.666 Thread 0x0000000023ac23b0 Uncommon trap: trap_request=0xffffffd6 fr.pc=0x000000001289bc78 relative=0x0000000000000c58
Event: 1680.666 Thread 0x0000000023ac23b0 Uncommon trap: reason=array_check action=maybe_recompile pc=0x000000001289bc78 method=com.google.common.collect.RegularImmutableMap.fromEntryArrayCheckingBucketOverflow(I[Ljava/util/Map$Entry;Z)Lcom/google/common/collect/ImmutableMap; @ 220 c2
Event: 1680.666 Thread 0x0000000023ac23b0 DEOPT PACKING pc=0x000000001289bc78 sp=0x000000002b3d8c90
Event: 1680.666 Thread 0x0000000023ac23b0 DEOPT UNPACKING pc=0x0000000011b769a3 sp=0x000000002b3d8c38 mode 2
Event: 1680.857 Thread 0x0000000023ac23b0 Uncommon trap: trap_request=0xffffffbe fr.pc=0x00000000124f644c relative=0x0000000000000d2c
Event: 1680.857 Thread 0x0000000023ac23b0 Uncommon trap: reason=profile_predicate action=maybe_recompile pc=0x00000000124f644c method=com.google.common.collect.RegularImmutableMap.checkNoConflictInKeyBucket(Ljava/lang/Object;Ljava/lang/Object;Lcom/google/common/collect/ImmutableMapEntry;Z)Lcom/go
Event: 1680.857 Thread 0x0000000023ac23b0 DEOPT PACKING pc=0x00000000124f644c sp=0x000000002b3d9b80
Event: 1680.857 Thread 0x0000000023ac23b0 DEOPT UNPACKING pc=0x0000000011b769a3 sp=0x000000002b3d9ac8 mode 2
Event: 1680.886 Thread 0x0000000023ac23b0 DEOPT PACKING pc=0x000000000bd8a028 sp=0x000000002b3da6b0
Event: 1680.886 Thread 0x0000000023ac23b0 DEOPT UNPACKING pc=0x0000000011b77143 sp=0x000000002b3d9be0 mode 0
Event: 1681.672 Thread 0x0000000029206ca0 DEOPT PACKING pc=0x000000000ac8cf31 sp=0x0000000026847d30
Event: 1681.672 Thread 0x0000000029206ca0 DEOPT UNPACKING pc=0x0000000011b77143 sp=0x0000000026847220 mode 0
Event: 1681.720 Thread 0x0000000029206ca0 DEOPT PACKING pc=0x000000000bfc389d sp=0x000000002684b090
Event: 1681.721 Thread 0x0000000029206ca0 DEOPT UNPACKING pc=0x0000000011b77143 sp=0x000000002684a5b8 mode 0
Event: 1681.721 Thread 0x0000000029206ca0 Uncommon trap: trap_request=0xfffffff4 fr.pc=0x000000001244d6a8 relative=0x0000000000000ac8
Event: 1681.721 Thread 0x0000000029206ca0 Uncommon trap: reason=null_check action=make_not_entrant pc=0x000000001244d6a8 method=org.gradle.tooling.internal.provider.runner.ClientBuildEventGenerator$Enabled.accept(Lorg/gradle/internal/operations/BuildOperationDescriptor;)Lorg/gradle/tooling/intern
Event: 1681.721 Thread 0x0000000029206ca0 DEOPT PACKING pc=0x000000001244d6a8 sp=0x000000002684c640
Event: 1681.721 Thread 0x0000000029206ca0 DEOPT UNPACKING pc=0x0000000011b769a3 sp=0x000000002684c578 mode 2

Classes unloaded (20 events):
Event: 618.911 Thread 0x000000001dd878c0 Unloading class 0x00000008011d0400 'java/lang/invoke/LambdaForm$BMH+0x00000008011d0400'
Event: 618.911 Thread 0x000000001dd878c0 Unloading class 0x0000000801102400 'java/lang/invoke/LambdaForm$DMH+0x0000000801102400'
Event: 618.911 Thread 0x000000001dd878c0 Unloading class 0x0000000801101c00 'java/lang/invoke/LambdaForm$DMH+0x0000000801101c00'
Event: 618.911 Thread 0x000000001dd878c0 Unloading class 0x0000000801101800 'java/lang/invoke/LambdaForm$MH+0x0000000801101800'
Event: 618.911 Thread 0x000000001dd878c0 Unloading class 0x0000000801101400 'java/lang/invoke/LambdaForm$MH+0x0000000801101400'
Event: 618.911 Thread 0x000000001dd878c0 Unloading class 0x0000000801101000 'java/lang/invoke/LambdaForm$MH+0x0000000801101000'
Event: 618.911 Thread 0x000000001dd878c0 Unloading class 0x0000000801100c00 'java/lang/invoke/LambdaForm$MH+0x0000000801100c00'
Event: 618.911 Thread 0x000000001dd878c0 Unloading class 0x0000000801100800 'java/lang/invoke/LambdaForm$MH+0x0000000801100800'
Event: 618.911 Thread 0x000000001dd878c0 Unloading class 0x0000000801100400 'java/lang/invoke/LambdaForm$MH+0x0000000801100400'
Event: 618.911 Thread 0x000000001dd878c0 Unloading class 0x0000000801100000 'java/lang/invoke/LambdaForm$MH+0x0000000801100000'
Event: 618.911 Thread 0x000000001dd878c0 Unloading class 0x00000008010de400 'java/lang/invoke/LambdaForm$MH+0x00000008010de400'
Event: 618.911 Thread 0x000000001dd878c0 Unloading class 0x00000008010ddc00 'java/lang/invoke/LambdaForm$MH+0x00000008010ddc00'
Event: 618.911 Thread 0x000000001dd878c0 Unloading class 0x00000008010dd800 'java/lang/invoke/LambdaForm$MH+0x00000008010dd800'
Event: 618.911 Thread 0x000000001dd878c0 Unloading class 0x00000008010dd400 'java/lang/invoke/LambdaForm$MH+0x00000008010dd400'
Event: 618.911 Thread 0x000000001dd878c0 Unloading class 0x00000008010dd000 'java/lang/invoke/LambdaForm$MH+0x00000008010dd000'
Event: 618.911 Thread 0x000000001dd878c0 Unloading class 0x00000008010dc800 'java/lang/invoke/LambdaForm$MH+0x00000008010dc800'
Event: 618.911 Thread 0x000000001dd878c0 Unloading class 0x000000080102ac00 'java/lang/invoke/LambdaForm$MH+0x000000080102ac00'
Event: 618.911 Thread 0x000000001dd878c0 Unloading class 0x000000080102a800 'java/lang/invoke/LambdaForm$MH+0x000000080102a800'
Event: 618.911 Thread 0x000000001dd878c0 Unloading class 0x000000080102a000 'java/lang/invoke/LambdaForm$MH+0x000000080102a000'
Event: 618.911 Thread 0x000000001dd878c0 Unloading class 0x0000000801028400 'java/lang/invoke/LambdaForm$MH+0x0000000801028400'

Classes redefined (0 events):
No events

Internal exceptions (20 events):
Event: 619.146 Thread 0x0000000029204150 Exception <a 'java/lang/NoSuchMethodError'{0x00000000ecd66d38}: static Lorg/gradle/internal/build/event/types/AbstractResult;.<clinit>()V> (0x00000000ecd66d38) 
thrown [s\src\hotspot\share\prims\jni.cpp, line 1107]
Event: 619.147 Thread 0x0000000029204150 Exception <a 'java/lang/NoSuchMethodError'{0x00000000ecdc0f80}: static Lorg/gradle/internal/build/event/types/DefaultTaskStartedProgressEvent;.<clinit>()V> (0x00000000ecdc0f80) 
thrown [s\src\hotspot\share\prims\jni.cpp, line 1107]
Event: 1679.731 Thread 0x0000000029206ca0 Implicit null exception at 0x0000000012386096 to 0x00000000123865ec
Event: 1680.357 Thread 0x0000000029206ca0 Exception <a 'sun/nio/fs/WindowsException'{0x00000000eb6bfd60}> (0x00000000eb6bfd60) 
thrown [s\src\hotspot\share\prims\jni.cpp, line 516]
Event: 1680.358 Thread 0x0000000029206ca0 Exception <a 'sun/nio/fs/WindowsException'{0x00000000eb6c12e8}> (0x00000000eb6c12e8) 
thrown [s\src\hotspot\share\prims\jni.cpp, line 516]
Event: 1680.358 Thread 0x0000000029206ca0 Exception <a 'sun/nio/fs/WindowsException'{0x00000000eb6c2870}> (0x00000000eb6c2870) 
thrown [s\src\hotspot\share\prims\jni.cpp, line 516]
Event: 1680.358 Thread 0x0000000029206ca0 Exception <a 'sun/nio/fs/WindowsException'{0x00000000eb6c4028}> (0x00000000eb6c4028) 
thrown [s\src\hotspot\share\prims\jni.cpp, line 516]
Event: 1680.379 Thread 0x0000000029206ca0 Implicit null exception at 0x000000001275b5e4 to 0x000000001275b69c
Event: 1680.472 Thread 0x0000000029206ca0 Exception <a 'java/lang/NoSuchMethodError'{0x00000000eb36f2c0}: 'java.lang.Object java.lang.invoke.DelegatingMethodHandle$Holder.reinvoke_L(java.lang.Object, java.lang.Object, java.lang.Object, java.lang.Object, java.lang.Object, java.lang.Object, java.lang.Object, java.lang.Object, java.lang.Object, java.lang.Object, java.lang.Object, java.lang.Object, java.lang.Object, java.lang.Object, java.lang.Object, java.lang.Object, java.lang.Object, java.lang.Object, java.lang.Object, java.lang.Object, java.lang.O
Event: 1680.556 Thread 0x0000000029206ca0 Exception <a 'java/lang/NoClassDefFoundError'{0x00000000efda8148}: org/jetbrains/kotlin/gradle/plugin/KotlinPluginWrapper> (0x00000000efda8148) 
thrown [s\src\hotspot\share\oops\constantPool.cpp, line 835]
Event: 1680.556 Thread 0x0000000029206ca0 Exception <a 'java/lang/NoClassDefFoundError'{0x00000000efdaa9e8}: org/graalvm/buildtools/gradle/NativeImagePlugin> (0x00000000efdaa9e8) 
thrown [s\src\hotspot\share\oops\constantPool.cpp, line 835]
Event: 1680.570 Thread 0x0000000029206ca0 Implicit null exception at 0x00000000126abb32 to 0x00000000126ad284
Event: 1680.602 Thread 0x0000000023ac23b0 Exception <a 'java/lang/NoSuchMethodError'{0x00000000efb5f3d8}: static Ljava/lang/Object;.<clinit>()V> (0x00000000efb5f3d8) 
thrown [s\src\hotspot\share\prims\jni.cpp, line 1107]
Event: 1681.581 Thread 0x0000000029206ca0 Exception <a 'sun/nio/fs/WindowsException'{0x00000000ea142fb8}> (0x00000000ea142fb8) 
thrown [s\src\hotspot\share\prims\jni.cpp, line 516]
Event: 1681.582 Thread 0x0000000029206ca0 Exception <a 'sun/nio/fs/WindowsException'{0x00000000ea144540}> (0x00000000ea144540) 
thrown [s\src\hotspot\share\prims\jni.cpp, line 516]
Event: 1681.582 Thread 0x0000000029206ca0 Exception <a 'sun/nio/fs/WindowsException'{0x00000000ea145ac8}> (0x00000000ea145ac8) 
thrown [s\src\hotspot\share\prims\jni.cpp, line 516]
Event: 1681.582 Thread 0x0000000029206ca0 Exception <a 'sun/nio/fs/WindowsException'{0x00000000ea147040}> (0x00000000ea147040) 
thrown [s\src\hotspot\share\prims\jni.cpp, line 516]
Event: 1681.680 Thread 0x0000000029206ca0 Exception <a 'java/lang/NoClassDefFoundError'{0x00000000e9c18b80}: org/jetbrains/kotlin/gradle/plugin/KotlinPluginWrapper> (0x00000000e9c18b80) 
thrown [s\src\hotspot\share\oops\constantPool.cpp, line 835]
Event: 1681.680 Thread 0x0000000029206ca0 Exception <a 'java/lang/NoClassDefFoundError'{0x00000000e9c1b1c8}: org/graalvm/buildtools/gradle/NativeImagePlugin> (0x00000000e9c1b1c8) 
thrown [s\src\hotspot\share\oops\constantPool.cpp, line 835]
Event: 1681.721 Thread 0x0000000029206ca0 Implicit null exception at 0x000000001244cedc to 0x000000001244d688

VM Operations (20 events):
Event: 1263.160 Executing VM operation: Cleanup
Event: 1263.160 Executing VM operation: Cleanup done
Event: 1273.260 Executing VM operation: Cleanup
Event: 1273.260 Executing VM operation: Cleanup done
Event: 1305.529 Executing VM operation: Cleanup
Event: 1305.530 Executing VM operation: Cleanup done
Event: 1313.603 Executing VM operation: Cleanup
Event: 1313.603 Executing VM operation: Cleanup done
Event: 1679.928 Executing VM operation: Cleanup
Event: 1679.928 Executing VM operation: Cleanup done
Event: 1680.503 Executing VM operation: G1CollectForAllocation
Event: 1680.510 Executing VM operation: G1CollectForAllocation done
Event: 1680.643 Executing VM operation: G1CollectForAllocation
Event: 1680.654 Executing VM operation: G1CollectForAllocation done
Event: 1680.684 Executing VM operation: HandshakeAllThreads
Event: 1680.684 Executing VM operation: HandshakeAllThreads done
Event: 1680.743 Executing VM operation: G1CollectForAllocation
Event: 1680.753 Executing VM operation: G1CollectForAllocation done
Event: 1681.599 Executing VM operation: ICBufferFull
Event: 1681.599 Executing VM operation: ICBufferFull done

Events (20 events):
Event: 1681.658 Thread 0x0000000023abe520 Thread added: 0x0000000023abe520
Event: 1681.658 Thread 0x0000000023abe9f0 Thread added: 0x0000000023abe9f0
Event: 1681.658 Thread 0x0000000023abeec0 Thread added: 0x0000000023abeec0
Event: 1681.658 Thread 0x0000000023abfd30 Thread added: 0x0000000023abfd30
Event: 1681.658 Thread 0x0000000023abf390 Thread added: 0x0000000023abf390
Event: 1681.658 Thread 0x0000000023abf860 Thread added: 0x0000000023abf860
Event: 1681.658 Thread 0x0000000023ac06d0 Thread added: 0x0000000023ac06d0
Event: 1681.721 Thread 0x0000000023ac1070 Thread added: 0x0000000023ac1070
Event: 1681.722 Thread 0x0000000025284280 Thread added: 0x0000000025284280
Event: 1681.722 Thread 0x0000000025285a90 Thread added: 0x0000000025285a90
Event: 1681.722 Thread 0x00000000252820d0 Thread added: 0x00000000252820d0
Event: 1681.722 Thread 0x0000000025284750 Thread added: 0x0000000025284750
Event: 1681.722 Thread 0x0000000025287c40 Thread added: 0x0000000025287c40
Event: 1681.722 Thread 0x00000000252855c0 Thread added: 0x00000000252855c0
Event: 1681.722 Thread 0x0000000025281730 Thread added: 0x0000000025281730
Event: 1681.722 Thread 0x00000000252808c0 Thread added: 0x00000000252808c0
Event: 1681.723 Thread 0x0000000025281c00 Thread added: 0x0000000025281c00
Event: 1681.723 Thread 0x0000000025288110 Thread added: 0x0000000025288110
Event: 1681.723 Thread 0x0000000025286430 Thread added: 0x0000000025286430
Event: 1681.725 Thread 0x00000000252850f0 Thread added: 0x00000000252850f0


Dynamic libraries:
0x00007ff719c90000 - 0x00007ff719c9e000 	C:\Users\Artyom\.jdks\temurin-17.0.7\bin\java.exe
0x00007ffddd5f0000 - 0x00007ffddd804000 	C:\Windows\SYSTEM32\ntdll.dll
0x00007ffddbc40000 - 0x00007ffddbd02000 	C:\Windows\System32\KERNEL32.DLL
0x00007ffddacb0000 - 0x00007ffddb053000 	C:\Windows\System32\KERNELBASE.dll
0x00007ffddb2d0000 - 0x00007ffddb3e1000 	C:\Windows\System32\ucrtbase.dll
0x00007ffda0080000 - 0x00007ffda0097000 	C:\Users\Artyom\.jdks\temurin-17.0.7\bin\jli.dll
0x00007ffd9fbe0000 - 0x00007ffd9fbf9000 	C:\Users\Artyom\.jdks\temurin-17.0.7\bin\VCRUNTIME140.dll
0x00007ffddb430000 - 0x00007ffddb5db000 	C:\Windows\System32\USER32.dll
0x00007ffdb7aa0000 - 0x00007ffdb7d2e000 	C:\Windows\WinSxS\amd64_microsoft.windows.common-controls_6595b64144ccf1df_6.0.22621.1635_none_270f70857386168e\COMCTL32.dll
0x00007ffddb2a0000 - 0x00007ffddb2c6000 	C:\Windows\System32\win32u.dll
0x00007ffddd480000 - 0x00007ffddd4a9000 	C:\Windows\System32\GDI32.dll
0x00007ffddd100000 - 0x00007ffddd1a7000 	C:\Windows\System32\msvcrt.dll
0x00007ffddb180000 - 0x00007ffddb298000 	C:\Windows\System32\gdi32full.dll
0x00007ffddb0e0000 - 0x00007ffddb17a000 	C:\Windows\System32\msvcp_win.dll
0x00007ffddb3f0000 - 0x00007ffddb421000 	C:\Windows\System32\IMM32.DLL
0x00007ffdb2b80000 - 0x00007ffdb2b8c000 	C:\Users\Artyom\.jdks\temurin-17.0.7\bin\vcruntime140_1.dll
0x00007ffd78390000 - 0x00007ffd78421000 	C:\Users\Artyom\.jdks\temurin-17.0.7\bin\msvcp140.dll
0x00007ffd681b0000 - 0x00007ffd68df8000 	C:\Users\Artyom\.jdks\temurin-17.0.7\bin\server\jvm.dll
0x00007ffddb5e0000 - 0x00007ffddb68e000 	C:\Windows\System32\ADVAPI32.dll
0x00007ffddb810000 - 0x00007ffddb8b4000 	C:\Windows\System32\sechost.dll
0x00007ffddc540000 - 0x00007ffddc657000 	C:\Windows\System32\RPCRT4.dll
0x00007ffdd3450000 - 0x00007ffdd3484000 	C:\Windows\SYSTEM32\WINMM.dll
0x00007ffdceb70000 - 0x00007ffdceb7a000 	C:\Windows\SYSTEM32\VERSION.dll
0x00007ffdc49b0000 - 0x00007ffdc49b9000 	C:\Windows\SYSTEM32\WSOCK32.dll
0x00007ffddc850000 - 0x00007ffddc8c1000 	C:\Windows\System32\WS2_32.dll
0x00007ffdd9990000 - 0x00007ffdd99a8000 	C:\Windows\SYSTEM32\kernel.appcore.dll
0x00007ffdb28b0000 - 0x00007ffdb28ba000 	C:\Users\Artyom\.jdks\temurin-17.0.7\bin\jimage.dll
0x00007ffdd8150000 - 0x00007ffdd837e000 	C:\Windows\SYSTEM32\DBGHELP.DLL
0x00007ffddc8d0000 - 0x00007ffddcc59000 	C:\Windows\System32\combase.dll
0x00007ffddc6c0000 - 0x00007ffddc797000 	C:\Windows\System32\OLEAUT32.dll
0x00007ffdca7c0000 - 0x00007ffdca7f2000 	C:\Windows\SYSTEM32\dbgcore.DLL
0x00007ffddb060000 - 0x00007ffddb0db000 	C:\Windows\System32\bcryptPrimitives.dll
0x00007ffdd4a60000 - 0x00007ffdd4a6e000 	C:\Users\Artyom\.jdks\temurin-17.0.7\bin\instrument.dll
0x00007ffd9fb00000 - 0x00007ffd9fb25000 	C:\Users\Artyom\.jdks\temurin-17.0.7\bin\java.dll
0x00007ffd782b0000 - 0x00007ffd78386000 	C:\Users\Artyom\.jdks\temurin-17.0.7\bin\jsvml.dll
0x00007ffddbd10000 - 0x00007ffddc50a000 	C:\Windows\System32\SHELL32.dll
0x00007ffdd89c0000 - 0x00007ffdd928e000 	C:\Windows\SYSTEM32\windows.storage.dll
0x00007ffdd8880000 - 0x00007ffdd89be000 	C:\Windows\SYSTEM32\wintypes.dll
0x00007ffddd4b0000 - 0x00007ffddd5a1000 	C:\Windows\System32\SHCORE.dll
0x00007ffddc7f0000 - 0x00007ffddc84e000 	C:\Windows\System32\shlwapi.dll
0x00007ffdda940000 - 0x00007ffdda961000 	C:\Windows\SYSTEM32\profapi.dll
0x00007ffd9f910000 - 0x00007ffd9f928000 	C:\Users\Artyom\.jdks\temurin-17.0.7\bin\zip.dll
0x00007ffd9fbc0000 - 0x00007ffd9fbd9000 	C:\Users\Artyom\.jdks\temurin-17.0.7\bin\net.dll
0x00007ffdd45f0000 - 0x00007ffdd4727000 	C:\Windows\SYSTEM32\WINHTTP.dll
0x00007ffdd9e80000 - 0x00007ffdd9ee9000 	C:\Windows\system32\mswsock.dll
0x00007ffd9f930000 - 0x00007ffd9f945000 	C:\Users\Artyom\.jdks\temurin-17.0.7\bin\nio.dll
0x00007ffdaba80000 - 0x00007ffdaba90000 	C:\Users\Artyom\.jdks\temurin-17.0.7\bin\verify.dll
0x00007ffd78010000 - 0x00007ffd78037000 	C:\Users\Artyom\.gradle\native\c067742578af261105cb4f569cf0c3c89f3d7b1fecec35dd04571415982c5e48\windows-amd64\native-platform.dll
0x00007ffd615e0000 - 0x00007ffd61724000 	C:\Users\Artyom\.gradle\native\38dada09dfb8b06ba9b0570ebf7e218e3eb74d4ef43ca46872605cf95ebc2f47\windows-amd64\native-platform-file-events.dll
0x00007ffd9f900000 - 0x00007ffd9f909000 	C:\Users\Artyom\.jdks\temurin-17.0.7\bin\management.dll
0x00007ffd9f230000 - 0x00007ffd9f23b000 	C:\Users\Artyom\.jdks\temurin-17.0.7\bin\management_ext.dll
0x00007ffddb700000 - 0x00007ffddb708000 	C:\Windows\System32\PSAPI.DLL
0x00007ffdda1a0000 - 0x00007ffdda1bb000 	C:\Windows\SYSTEM32\CRYPTSP.dll
0x00007ffdd99b0000 - 0x00007ffdd99e5000 	C:\Windows\system32\rsaenh.dll
0x00007ffdd9f20000 - 0x00007ffdd9f48000 	C:\Windows\SYSTEM32\USERENV.dll
0x00007ffdda2f0000 - 0x00007ffdda318000 	C:\Windows\SYSTEM32\bcrypt.dll
0x00007ffdda080000 - 0x00007ffdda08c000 	C:\Windows\SYSTEM32\CRYPTBASE.dll
0x00007ffdd9530000 - 0x00007ffdd955d000 	C:\Windows\SYSTEM32\IPHLPAPI.DLL
0x00007ffddbb10000 - 0x00007ffddbb19000 	C:\Windows\System32\NSI.dll
0x00007ffdd3dd0000 - 0x00007ffdd3de9000 	C:\Windows\SYSTEM32\dhcpcsvc6.DLL
0x00007ffdd3a70000 - 0x00007ffdd3a8f000 	C:\Windows\SYSTEM32\dhcpcsvc.DLL
0x00007ffdd95b0000 - 0x00007ffdd96a3000 	C:\Windows\SYSTEM32\DNSAPI.dll
0x00007ffd9e6d0000 - 0x00007ffd9e6de000 	C:\Users\Artyom\.jdks\temurin-17.0.7\bin\sunmscapi.dll
0x00007ffddaa10000 - 0x00007ffddab77000 	C:\Windows\System32\CRYPT32.dll
0x00007ffdda2c0000 - 0x00007ffdda2ee000 	C:\Windows\SYSTEM32\ncrypt.dll
0x00007ffdda280000 - 0x00007ffdda2b7000 	C:\Windows\SYSTEM32\NTASN1.dll
0x00007ffdb4580000 - 0x00007ffdb4588000 	C:\Windows\system32\wshunix.dll

dbghelp: loaded successfully - version: 4.0.5 - missing functions: none
symbol engine: initialized successfully - sym options: 0x614 - pdb path: .;C:\Users\Artyom\.jdks\temurin-17.0.7\bin;C:\Windows\SYSTEM32;C:\Windows\WinSxS\amd64_microsoft.windows.common-controls_6595b64144ccf1df_6.0.22621.1635_none_270f70857386168e;C:\Users\Artyom\.jdks\temurin-17.0.7\bin\server;C:\Users\Artyom\.gradle\native\c067742578af261105cb4f569cf0c3c89f3d7b1fecec35dd04571415982c5e48\windows-amd64;C:\Users\Artyom\.gradle\native\38dada09dfb8b06ba9b0570ebf7e218e3eb74d4ef43ca46872605cf95ebc2f47\windows-amd64

VM Arguments:
jvm_args: --add-opens=java.base/java.util=ALL-UNNAMED --add-opens=java.base/java.lang=ALL-UNNAMED --add-opens=java.base/java.lang.invoke=ALL-UNNAMED --add-opens=java.prefs/java.util.prefs=ALL-UNNAMED --add-opens=java.base/java.nio.charset=ALL-UNNAMED --add-opens=java.base/java.net=ALL-UNNAMED --add-opens=java.base/java.util.concurrent.atomic=ALL-UNNAMED -XX:MaxMetaspaceSize=384m -XX:+HeapDumpOnOutOfMemoryError -Xms256m -Xmx512m -Dfile.encoding=windows-1251 -Duser.country=RU -Duser.language=ru -Duser.variant -javaagent:C:\Users\Artyom\.gradle\wrapper\dists\gradle-8.4-bin\1w5dpkrfk8irigvoxmyhowfim\gradle-8.4\lib\agents\gradle-instrumentation-agent-8.4.jar 
java_command: org.gradle.launcher.daemon.bootstrap.GradleDaemon 8.4
java_class_path (initial): C:\Users\Artyom\.gradle\wrapper\dists\gradle-8.4-bin\1w5dpkrfk8irigvoxmyhowfim\gradle-8.4\lib\gradle-launcher-8.4.jar
Launcher Type: SUN_STANDARD

[Global flags]
     intx CICompilerCount                          = 4                                         {product} {ergonomic}
   size_t CompressedClassSpaceSize                 = 335544320                                 {product} {ergonomic}
     uint ConcGCThreads                            = 3                                         {product} {ergonomic}
     uint G1ConcRefinementThreads                  = 10                                        {product} {ergonomic}
   size_t G1HeapRegionSize                         = 1048576                                   {product} {ergonomic}
    uintx GCDrainStackTargetSize                   = 64                                        {product} {ergonomic}
     bool HeapDumpOnOutOfMemoryError               = true                                   {manageable} {command line}
   size_t InitialHeapSize                          = 268435456                                 {product} {command line}
   size_t MarkStackSize                            = 4194304                                   {product} {ergonomic}
   size_t MaxHeapSize                              = 536870912                                 {product} {command line}
   size_t MaxMetaspaceSize                         = 402653184                                 {product} {command line}
   size_t MaxNewSize                               = 321912832                                 {product} {ergonomic}
   size_t MinHeapDeltaBytes                        = 1048576                                   {product} {ergonomic}
   size_t MinHeapSize                              = 268435456                                 {product} {command line}
    uintx NonNMethodCodeHeapSize                   = 5839372                                {pd product} {ergonomic}
    uintx NonProfiledCodeHeapSize                  = 122909434                              {pd product} {ergonomic}
    uintx ProfiledCodeHeapSize                     = 122909434                              {pd product} {ergonomic}
    uintx ReservedCodeCacheSize                    = 251658240                              {pd product} {ergonomic}
     bool SegmentedCodeCache                       = true                                      {product} {ergonomic}
   size_t SoftMaxHeapSize                          = 536870912                              {manageable} {ergonomic}
     bool UseCompressedClassPointers               = true                           {product lp64_product} {ergonomic}
     bool UseCompressedOops                        = true                           {product lp64_product} {ergonomic}
     bool UseG1GC                                  = true                                      {product} {ergonomic}
     bool UseLargePagesIndividualAllocation        = false                                  {pd product} {ergonomic}

Logging:
Log output configuration:
 #0: stdout all=warning uptime,level,tags
 #1: stderr all=off uptime,level,tags

Environment Variables:
JAVA_HOME=C:\Program Files\Java\jdk-20
PATH=C:\Progs\VMware Player\bin\;C:\Python311\Scripts\;C:\Python311\;C:\Program Files\Common Files\Oracle\Java\javapath;C:\Windows\system32;C:\Windows;C:\Windows\System32\Wbem;C:\Windows\System32\WindowsPowerShell\v1.0\;C:\Windows\System32\OpenSSH\;C:\Progs\Git\cmd;C:\Progs\Git\mingw64\bin;C:\Progs\Git\usr\bin;C:\Progs\nodejs\;C:\ProgramData\chocolatey\bin;C:\Program Files\dotnet\;C:\Program Files\Microsoft SQL Server\150\Tools\Binn\;C:\Program Files (x86)\Microsoft SQL Server\160\Tools\Binn\;C:\Program Files\Microsoft SQL Server\160\Tools\Binn\;C:\Program Files\Microsoft SQL Server\Client SDK\ODBC\170\Tools\Binn\;C:\Program Files\Microsoft SQL Server\160\DTS\Binn\;C:\Program Files (x86)\Microsoft SQL Server\160\DTS\Binn\;C:\Program Files\Azure Data Studio\bin;C:\Progs\Go\bin;C:\Program Files\PowerShell\7\;C:\Program Files\Docker\Docker\resources\bin;C:\Program Files\MySQL\MySQL Shell 8.0\bin\;C:\Users\Artyom\scoop\shims;C:\Users\Artyom\AppData\Local\Microsoft\WindowsApps;C:\Users\Artyom\AppData\Local\JetBrains\Toolbox\scripts;C:\Progs\Microsoft VS Code\bin;C:\Users\Artyom\AppData\Local\Programs\oh-my-posh\bin;C:\Users\Artyom\.jdks\temurin-17.0.7\bin;C:\Progs\PostgreSQL\15\bin;C:\Users\Artyom\AppData\Roaming\npm;C:\Users\Artyom\.dotnet\tools;C:\Program Files\Azure Data Studio\bin;C:\Users\Artyom\AppData\Local\Programs\IntelliJ IDEA Ultimate\plugins\maven\lib\maven3\bin;C:\Users\Artyom\go\bin;C:\Users\Artyom\AppData\Local\spicetify
USERNAME=Artyom
OS=Windows_NT
PROCESSOR_IDENTIFIER=Intel64 Family 6 Model 154 Stepping 4, GenuineIntel
TMP=C:\Users\Artyom\AppData\Local\Temp
TEMP=C:\Users\Artyom\AppData\Local\Temp



---------------  S Y S T E M  ---------------

OS:
 Windows 11 , 64 bit Build 22621 (10.0.22621.1635)
OS uptime: 0 days 4:33 hours
Hyper-V role detected

CPU: total 12 (initial active 12) (6 cores per cpu, 2 threads per core) family 6 model 154 stepping 4 microcode 0x41f, cx8, cmov, fxsr, ht, mmx, 3dnowpref, sse, sse2, sse3, ssse3, sse4.1, sse4.2, popcnt, lzcnt, tsc, tscinvbit, avx, avx2, aes, erms, clmul, bmi1, bmi2, adx, sha, fma, vzeroupper, clflush, clflushopt, clwb, hv

Memory: 4k page, system-wide physical 7896M (196M free)
TotalPageFile size 18136M (AvailPageFile size 6M)
current process WorkingSet (physical memory assigned to process): 336M, peak: 511M
current process commit charge ("private bytes"): 545M, peak: 559M

vm_info: OpenJDK 64-Bit Server VM (17.0.7+7) for windows-amd64 JRE (17.0.7+7), built on Apr 18 2023 22:10:42 by "temurin" with MS VC++ 16.7 (VS2019)

END.
